#
# A fatal error has been detected by the Java Runtime Environment:
#
#  SIGSEGV (0xb) at pc=0x00007f994d5310ad, pid=8146, tid=8164
#
# JRE version: OpenJDK Runtime Environment (11.0.9.1+1) (build 11.0.9.1+1-Ubuntu-0ubuntu1.20.04)
# Java VM: OpenJDK 64-Bit Server VM (11.0.9.1+1-Ubuntu-0ubuntu1.20.04, mixed mode, sharing, tiered, compressed oops, g1 gc, linux-amd64)
# Problematic frame:
# C  [libjimage.so+0x30ad]
#
# Core dump will be written. Default location: Core dumps may be processed with "/lib/systemd/systemd-coredump %P %u %g %s %t 9223372036854775808 %h" (or dumping to /home/csimage/git/stendhal_S1Team45/core.8146)
#
# If you would like to submit a bug report, please visit:
#   https://bugs.launchpad.net/ubuntu/+source/openjdk-lts
#

---------------  S U M M A R Y ------------

Command Line: -agentlib:jdwp=transport=dt_socket,suspend=y,address=localhost:42315 -ea -javaagent:/home/csimage/.eclipse/org.eclipse.platform_4.15.0_1980009725_linux_gtk_x86_64/configuration/org.eclipse.osgi/219/0/.cp/lib/javaagent-shaded.jar -Dfile.encoding=UTF-8 org.eclipse.jdt.internal.junit.runner.RemoteTestRunner -version 3 -port 38021 -testLoaderClass org.eclipse.jdt.internal.junit4.runner.JUnit4TestLoader -loaderpluginname org.eclipse.jdt.junit4.runtime -testNameFile /tmp/testNames2343750527554326561.txt

Host: Intel(R) Core(TM) i5-1035G1 CPU @ 1.00GHz, 2 cores, 3G, Linux Mint 20 Ulyana
Time: Mon Oct 25 16:21:46 2021 BST elapsed time: 972.067945 seconds (0d 0h 16m 12s)

---------------  T H R E A D  ---------------

Current thread (0x00007f9944128000):  JavaThread "Signal Dispatcher" daemon [_thread_in_vm, id=8164, stack(0x00007f992c127000,0x00007f992c228000)]

Stack: [0x00007f992c127000,0x00007f992c228000],  sp=0x00007f992c2251f0,  free space=1016k
Native frames: (J=compiled Java code, A=aot compiled Java code, j=interpreted, Vv=VM code, C=native code)
C  [libjimage.so+0x30ad]
C  [libjimage.so+0x3da2]
C  [libjimage.so+0x42b1]  JIMAGE_FindResource+0xf1
V