#
# A fatal error has been detected by the Java Runtime Environment:
#
#  SIGSEGV (0xb) at pc=0x00007ff62f42a0ad, pid=11936, tid=11954
#
# JRE version: OpenJDK Runtime Environment (11.0.9.1+1) (build 11.0.9.1+1-Ubuntu-0ubuntu1.20.04)
# Java VM: OpenJDK 64-Bit Server VM (11.0.9.1+1-Ubuntu-0ubuntu1.20.04, mixed mode, sharing, tiered, compressed oops, g1 gc, linux-amd64)
# Problematic frame:
# C  [libjimage.so+0x30ad]
#
# Core dump will be written. Default location: Core dumps may be processed with "/lib/systemd/systemd-coredump %P %u %g %s %t 9223372036854775808 %h" (or dumping to /home/csimage/git/stendhal_S1Team45/core.11936)
#
# If you would like to submit a bug report, please visit:
#   https://bugs.launchpad.net/ubuntu/+source/openjdk-lts
#

---------------  S U M M A R Y ------------

Command Line: -agentlib:jdwp=transport=dt_socket,suspend=y,address=localhost:45149 -ea -javaagent:/home/csimage/.eclipse/org.eclipse.platform_4.15.0_1980009725_linux_gtk_x86_64/configuration/org.eclipse.osgi/219/0/.cp/lib/javaagent-shaded.jar -Dfile.encoding=UTF-8 org.eclipse.jdt.internal.junit.runner.RemoteTestRunner -version 3 -port 40619 -testLoaderClass org.eclipse.jdt.internal.junit4.runner.JUnit4TestLoader -loaderpluginname org.eclipse.jdt.junit4.runtime -testNameFile /tmp/testNames8339561116585194376.txt

Host: Intel(R) Core(TM) i5-1035G1 CPU @ 1.00GHz, 2 cores, 3G, Linux Mint 20 Ulyana
Time: Mon Oct 25 17:57:26 2021 BST elapsed time: 408.115896 seconds (0d 0h 6m 48s)

---------------  T H R E A D  ---------------

Current thread (0x00007ff628128000):  JavaThread "Signal Dispatcher" daemon [_thread_in_vm, id=11954, stack(0x00007ff60802d000,0x00007ff60812e000)]

Stack: [0x00007ff60802d000,0x00007ff60812e000],  sp=0x00007ff60812b1f0,  free space=1016k
Native frames: (J=compiled Java code, A=aot compiled Java code, j=interpreted, Vv=VM code, C=native code)
C  [libjimage.so+0x30ad]
C  [libjimage.so+0x3da2]
C  [libjimage.so+0x42b1]  JIMAGE_FindResource+0xf1
V  [libjvm.so+0x5ae8d1]
V  [libjvm.so+0x5b1081]
V  [libjvm.so+0xde0f0d]
V  [libjvm.so+0xddfa9a]
V  [libjvm.so+0xde205b]
V  [libjvm.so+0x66062e]
V  [libjvm.so+0x84ec06]
j  jdk.internal.misc.Signal.dispatch(I)V+25 java.base@11.0.9.1
v  ~StubRoutines::call_stub
V  [libjvm.so+0x8575d9]
V  [libjvm.so+0x8565f2]
V  [libjvm.so+0xbc09fe]
V  [libjvm.so+0xe17ccf]
V  [libjvm.so+0xe14330]
V  [libjvm.so+0xbd26e6]

Java frames: (J=compiled Java code, j=interpreted, Vv=VM code)
j  jdk.internal.misc.Signal.dispatch(I)V+25 java.base@11.0.9.1
v  ~StubRoutines::call_stub

siginfo: si_signo: 11 (SIGSEGV), si_code: 1 (SEGV_MAPERR), si_addr: 0x00007ff61f89e270

Register to memory mapping:

RAX=0x0000000000001495 is an unknown value
RBX=0x00007ff60812b2a1 is pointing into the stack for thread: 0x00007ff628128000
RCX=0x00007ff60812b2c3 is pointing into the stack for thread: 0x00007ff628128000
RDX=0x0000000000001495 is an unknown value
RSP=0x00007ff60812b1f0 is pointing into the stack for thread: 0x00007ff628128000
RBP=0x00007ff60812b210 is pointing into the stack for thread: 0x00007ff628128000
RSI=0x0 is NULL
RDI=0x00007ff62f42f030: <offset 0x0000000000008030> in /usr/lib/jvm/java-11-openjdk-amd64/lib/libjimage.so at 0x00007ff62f427000
R8 =0x00007ff61f89901c is an unknown value
R9 =0x65746e692f6b646a is an unknown value
R10=0x73696d2f6c616e72 is an unknown value
R11=0x6c616e6769532f63 is an unknown value
R12=0x0000000000008412 is an unknown value
R13=0x00007ff60812b2a0 is pointing into the stack for thread: 0x00007ff628128000
R14=0x0 is NULL
R15=0x00007ff628128b40 points into unknown readable memory: 6a 64 6b 2f 69 6e 74 65


Registers:
RAX=0x0000000000001495