#
# A fatal error has been detected by the Java Runtime Environment:
#
#  SIGSEGV (0xb) at pc=0x00007fa39aec50ad, pid=11785, tid=11802
#
# JRE version: OpenJDK Runtime Environment (11.0.9.1+1) (build 11.0.9.1+1-Ubuntu-0ubuntu1.20.04)
# Java VM: OpenJDK 64-Bit Server VM (11.0.9.1+1-Ubuntu-0ubuntu1.20.04, mixed mode, sharing, tiered, compressed oops, g1 gc, linux-amd64)
# Problematic frame:
# C  [libjimage.so+0x30ad]
#
# Core dump will be written. Default location: Core dumps may be processed with "/lib/systemd/systemd-coredump %P %u %g %s %t 9223372036854775808 %h" (or dumping to /home/csimage/git/stendhal_S1Team45/core.11785)
#
# If you would like to submit a bug report, please visit:
#   https://bugs.launchpad.net/ubuntu/+source/openjdk-lts
#

---------------  S U M M A R Y ------------

Command Line: -agentlib:jdwp=transport=dt_socket,suspend=y,address=localhost:43295 -ea -javaagent:/home/csimage/.eclipse/org.eclipse.platform_4.15.0_1980009725_linux_gtk_x86_64/configuration/org.eclipse.osgi/219/0/.cp/lib/javaagent-shaded.jar -Dfile.encoding=UTF-8 org.eclipse.jdt.internal.junit.runner.RemoteTestRunner -version 3 -port 33979 -testLoaderClass org.eclipse.jdt.internal.junit4.runner.JUnit4TestLoader -loaderpluginname org.eclipse.jdt.junit4.runtime -testNameFile /tmp/testNames5829661885370896795.txt

Host: Intel(R) Core(TM) i5-1035G1 CPU @ 1.00GHz, 2 cores, 3G, Linux Mint 20 Ulyana
Time: Mon Oct 25 17:50:31 2021 BST elapsed time: 47.331527 seconds (0d 0h 0m 47s)

---------------  T H R E A D  ---------------

Current thread (0x00007fa394128000):  JavaThread "Signal Dispatcher" daemon [_thread_in_vm, id=11802, stack(0x00007fa37403f000,0x00007fa374140000)]

Stack: [0x00007fa37403f000,0x00007fa374140000],  sp=0x00007fa37413d1f0,  free space=1016k
Native frames: (J=compiled Java code, A=aot compiled Java code, j=interpreted, Vv=VM code, C=native code)
C  [libjimage.so+0x30ad]
C  [libjimage.so+0x3da2]
C  [libjimage.so+0x42b1]  JIMAGE_FindResource+0xf1
V  [libjvm.so+0x5ae8d1]
V  [libjvm.so+0x5b1081]
V  [libjvm.so+0xde0f0d]
V  [libjvm.so+0xddfa9a]
V  [libjvm.so+0xde205b]
V  [libjvm.so+0x66062e]
V  [libjvm.so+0x84ec06]
j  jdk.internal.misc.Signal.dispatch(I)V+25 java.base@11.0.9.1
v  ~StubRoutines::call_stub
V  [libjvm.so+0x8575d9]
V  [libjvm.so+0x8565f2]
V  [libjvm.so+0xbc09fe]
V  [libjvm.so+0xe17ccf]
V  [libjvm.so+0xe14330]
V  [libjvm.so+0xbd26e6]

Java frames: (J=compiled Java code, j=interpreted, Vv=VM code)
j  jdk.internal.misc.Signal.dispatch(I)V+25 java.base@11.0.9.1
v  ~StubRoutines::call_stub

siginfo: si_signo: 11 (SIGSEGV), si_code: 1 (SEGV_MAPERR), si_addr: 0x00007fa38b89e270

Register to memory mapping:

RAX=0x0000000000001495 is an unknown value
RBX=0x00007fa37413d2a1 is pointing into the stack for thread: 0x00007fa394128000
RCX=0x00007fa37413d2c3 is pointing into the stack for thread: 0x00007fa394128000
RDX=0x0000000000001495 is an unknown value
RSP=0x00007fa37413d1f0 is pointing into the stack for thread: 0x00007fa394128000
RBP=0x00007fa37413d210 is pointing into the stack for thread: 0x00007fa394128000
RSI=0x0 is NULL
RDI=0x00007fa39aeca030: <offset 0x0000000000008030> in /usr/lib/jvm/java-11-openjdk-amd64/lib/libjimage.so at 0x00007fa39aec2000
R8 =0x00007fa38b89901c is an unknown value
R9 =0x65746e692f6b646a is an unknown value
R10=0x73696d2f6c616e72 is an unknown value
R11=0x6c616e6769532f63 is an unknown value
R12=0x0000000000008412 is an unknown value
R13=0x00007fa37413d2a0 is pointing into the stack for thread: 0x00007fa394128000
R14=0x0 is NULL
R15=0x00007fa394128b10 points into unknown readable memory: 6a 64 6b 2f 69 6e 74 65


Registers:
RAX=0x0000000000001495, RBX=0x00007fa37413d2a1, RCX=0x00007fa37413d2c3, RDX=0x0000000000001495
RSP=0x00007fa37413d1f0, RBP=0x00007fa37413d210, RSI=0x0000000000000000, RDI=0x00007fa39aeca030
R8 =0x00007fa38b89901c, R9 =0x65746e692f6b646a, R10=0x73696d2f6c616e72, R11=0x6c616e6769532f63
R12=0x0000000000008412, R13=0x00007fa37413d2a0, R14=0x0000000000000000, R15=0x00007fa394128b10
RIP=0x00007fa39aec50ad, EFLAGS=0x0000000000010246, CSGSFS=0x002b000000000033, ERR=0x0000000000000004
  TRAPNO=0x000000000000000e

Top of Stack: (sp=0x00007fa37413d1f0)
0x00007fa37413d1f0:   0000000000000000 00007fa37413e338
0x00007fa37413d200:   00007fa39400a1a0 00007fa37413d2a0
0x00007fa37413d210:   00007fa37413d280 00007fa39aec5da2
0x00007fa37413d220:   0000000000000000 0000000000000000 

Instructions: (pc=0x00007fa39aec50ad)
0x00007fa39aec4fad:   f3 ff ff 44 03 65 90 e9 3f fe ff ff 0f 1f 80 00
0x00007fa39aec4fbd:   00 00 00 41 8b 10 41 89 55 00 41 8b 54 00 fc 41
0x00007fa39aec4fcd:   89 54 05 fc e9 82 fc ff ff 66 2e 0f 1f 84 00 00
0x00007fa39aec4fdd:   00 00 00 b9 0a 00 00 00 e9 f0 fc ff ff 41 0f b7
0x00007fa39aec4fed:   54 00 fe 66 41 89 54 05 fe e9 5d fc ff ff 0f 1f
0x00007fa39aec4ffd:   44 00 00 f3 0f 1e fa 0f b6 17 89 f0 89 f1 4c 8d
0x00007fa39aec500d:   47 01 84 d2 74 1c 0f 1f 44 00 00 69 c9 93 01 00
0x00007fa39aec501d:   01 49 83 c0 01 31 d1 41 0f b6 50 ff 84 d2 75 eb
0x00007fa39aec502d:   89 c8 25 ff ff ff 7f c3 90 66 2e 0f 1f 84 