#
# A fatal error has been detected by the Java Runtime Environment:
#
#  SIGSEGV (0xb) at pc=0x00007f3e63ae90c4, pid=3697, tid=3707
#
# JRE version: OpenJDK Runtime Environment (11.0.9.1+1) (build 11.0.9.1+1-Ubuntu-0ubuntu1.20.04)
# Java VM: OpenJDK 64-Bit Server VM (11.0.9.1+1-Ubuntu-0ubuntu1.20.04, mixed mode, sharing, tiered, compressed oops, g1 gc, linux-amd64)
# Problematic frame:
# V  [libjvm.so+0x7420c4]
#
# Core dump will be written. Default location: Core dumps may be processed with "/lib/systemd/systemd-coredump %P %u %g %s %t 9223372036854775808 %h" (or dumping to /home/csimage/git/stendhal_S1Team45/core.3697)
#
# If you would like to submit a bug report, please visit:
#   https://bugs.launchpad.net/ubuntu/+source/openjdk-lts
#

---------------  S U M M A R Y ------------

Command Line: -Xmx128M -Dfile.encoding=UTF-8 games.stendhal.server.StendhalServer

Host: Intel(R) Core(TM) i5-1035G1 CPU @ 1.00GHz, 2 cores, 3G, Linux Mint 20 Ulyana
Time: Thu Oct 14 12:08:11 2021 BST elapsed time: 233.279769 seconds (0d 0h 3m 53s)

---------------  T H R E A D  ---------------

Current thread (0x00007f3e5c038000):  ConcurrentGCThread "G1 Conc#0" [stack: 0x00007f3e6234e000,0x00007f3e6244e000] [id=3707]

Stack: [0x00007f3e6234e000,0x00007f3e6244e000],  sp=0x00007f3e6244cc00,  free space=1019k
Native frames: (J=compiled Java code, A=aot compiled Java code, j=interpreted, Vv=VM code, C=native code)
V  [libjvm.so+0x7420c4]
V  [libjvm.so+0x7430fa]
V  [libjvm.so+0x7533d6]
V  [libjvm.so+0x74e422]
V  [libjvm.so+0x7541e5]
V  [libjvm.so+0xeaee7d]
V  [libjvm.so+0xe14330]
V  [libjvm.so+0xbd26e6]


siginfo: si_signo: 11 (SIGSEGV), si_code: 1 (SEGV_MAPERR), si_addr: 0x0000000000000160

Register to memory mapping:

RAX=0x0 is NULL
RBX=0x000000084010f568 is pointing into metadata
RCX=0x0000000000000014 is an unknown value
RDX=0x0 is NULL
RSP=0x00007f3e6244cc00 points into unknown readable memory: 50 e4 4c fa 00 00 00 00
RBP=0x00007f3e6244cc40 points into unknown readable memory: 90 cc 44 62 3e 7f 00 00
RSI=0x0000000000005004 is an unknown value
RDI=0x00007f3e5c039d20 points into unknown readable memory: 40 f9 4f 64 3e 7f 00 00
R8 =0x000000084010e750 is pointing into metadata
R9 =0x00007f3e280167f0 points into unknown readable memory: 30 85 5a 64 3e 7f 00 00
R10=0x00000000008d0f00 is an unknown value
R11=0x0000000000000202 is an unknown value
R12=0x00000000fc62f030 is pointing into object: games.stendhal.server.entity.creature.Creature 
{0x00000000fc62f010} - klass: 'games/stendhal/server/entity/creature/Creature'
R13=0x00007f3e5c034f90 points into unknown readable memory: 00 68 03 5c 3e 7f 00 00
R14=0x00000000fc62f020 is pointing into object: games.stendhal.server.entity.creature.Creature 
{0x00000000fc62f010} - klass: 'games/stendhal/server/entity/creature/Creature'
R15=0x00007f3e6244cd40 points into unknown readable memory: a8 f6 4f 64 3e 7f 00 00


Registers:
RAX=0x0000000000000000, RBX=0x000000084010f568, RCX=0x0000000000000014, RDX=0x0000000000000000
RSP=0x00007f3e6244cc00, RBP=0x00007f3e6244cc40, RSI=0x0000000000005004, RDI=0x00007f3e5c039d20
R8 =0x000000084010e750, R9 =0x00007f3e280167f0, R10=0x00000000008d0f00, R11=0x0000000000000202
R12=0x00000000fc62f030, R13=0x00007f3e5c034f90, R14=0x00000000fc62f020, R15=0x00007f3e6244cd40
RIP=0x00007f3e63ae90c4, EFLAGS=0x0000000000010246, CSGSFS=0x002b000000000033, ERR=0x0000000000000004
  TRAPNO=0x000000000000000e

Top of Stack: (sp=0x00007f3e6244cc00)
0x00007f3e6244cc00:   00000000fa4ce450 00000000fa4ce454
0x00007f3e6244cc10:   000000080031d2b8 000000084010f568
0x00007f3e6244cc20:   00000000fc62f030 000000084010f5b0
0x00007f3e6244cc30:   00000000fc62f020 00007f3e6244cd40 

Instructions: (pc=0x00007f3e63ae90c4)
0x00007f3e63ae8fc4:   15 03 04 ad 00 3c 01 48 19 c0 8b 32 83 e0 04 89
0x00007f3e63ae8fd4:   ca 49 63 44 04 0c c1 fa 10 8d 7e ff 0f b6 d2 f7
0x00007f3e63ae8fe4:   de 48 63 ff 48 d3 e0 48 01 fa 48 01 d0 48 63 d6
0x00007f3e63ae8ff4:   48 21 d0 48 c1 e8 03 48 98 e9 d5 fd ff ff 66 0f
0x00007f3e63ae9004:   1f 44 00 00 49 8b 7c 24 08 e9 95 fd ff ff 66 0f
0x00007f3e63ae9014:   1f 44 00 00 48 8b 07 48 8d 35 7e 29 e0 ff 48 8b
0x00007f3e63ae9024:   90 10 01 00 00 31 c0 48 39 f2 0f 84 a3 fd ff ff
0x00007f3e63ae9034:   4c 89 e6 ff d2 48 98 e9 97 fd ff ff 4c 89 e6 ff
0x00007f3e63ae9044:   d0 48 98 e9 8b fd ff ff 0f 1f 40 00 48 8b 81 88
0x00007f3e63ae9054:   00 00 00 89 d6 83 c2 01 81 e2 ff ff 01 00 48 8d
0x00007f3e63ae9064:   04 f0 48 8b 75 c0 48 89 30 89 11 48 83 c3 04 48
0x00007f3e63ae9074:   39 5d 98 0f 87 93 fb ff ff e9 5c fc ff ff 66 2e
0x00007f3e63ae9084:   0f 1f 84 00 00 00 00 00 0f 1f 40 00 f3 0f 1e fa
0x00007f3e63ae9094:   55 48 89 f2 48 89 e5 41 57 41 56 41 55 41 54 53
0x00007f3e63ae90a4:   48 83 ec 18 4c 8b 6f 20 49 8b 45 08 8b 88 c0 02
0x00007f3e63ae90b4:   00 00 48 8b 80 b0 02 00 00 48 d3 ea 48 8b 04 d0
0x00007f3e63ae90c4:   48 3b b0 60 01 00 00 73 66 49 8b 95 90 00 00 00
0x00007f3e63ae90d4:   48 89 f1 48 89 f3 49 89 fc 44 8b 77 10 48 2b 0a
0x00007f3e63ae90e4:   48 89 c8 8b 4a 10 48 c1 e8 03 48 d3 e8 48 89 c1
0x00007f3e63ae90f4:   48 89 c6 48 8b 42 18 48 c1 ee 06 83 e1 3f 48 8d
0x00007f3e63ae9104:   3c f0 be 01 00 00 00 48 d3 e6 48 8b 0f eb 15 0f
0x00007f3e63ae9114:   1f 44 00 00 48 89 c8 f0 48 0f b1 17 48 39 c1 74
0x00007f3e63ae9124:   23 48 89 c1 48 89 f2 48 09 ca 48 39 d1 75 e5 48
0x00007f3e63ae9134:   83 c4 18 31 c0 5b 41 5c 41 5d 41 5e 41 5f 5d c3
0x00007f3e63ae9144:   0f 1f 40 00 4c 8d 3d b5 90 b1 00 41 0f b6 37 40
0x00007f3e63ae9154:   84 f6 0f 84 8c 02 00 00 48 8d 05 ed c3 ae 00 8b
0x00007f3e63ae9164:   7b 08 8b 48 08 48 d3 e7 48 03 38 8b 4f 08 85 c9
0x00007f3e63ae9174:   0f 8e 36 01 00 00 f6 c1 01 74 1a 48 8b 07 48 8d
0x00007f3e63ae9184:   15 17 28 e0 ff 48 8b 80 10 01 00 00 48 39 d0 0f
0x00007f3e63ae9194:   85 7b 02 00 00 c1 f9 03 48 63 d1 49 8b 85 f0 02
0x00007f3e63ae91a4:   00 00 48 8d 0d 17 a2 b1 00 48 89 df 4a 8b 34 f0
0x00007f3e63ae91b4:   8b 09 48 8b 46 18 48 2b 78 10 48 89 f8 48 d3 e8 


Stack slot to memory mapping:
stack at sp + 0 slots: 0x00000000fa4ce450 points into unknown readable memory: 50 df 53 f9 00 00 00 00
stack at sp + 1 slots: 0x00000000fa4ce454 points into unknown readable memory: 00 00 00 00
stack at sp + 2 slots: 0x000000080031d2b8 is pointing into metadata
stack at sp + 3 slots: 0x000000084010f568 is pointing into metadata
stack at sp + 4 slots: 0x00000000fc62f030 is pointing into object: games.stendhal.server.entity.creature.Creature 
{0x00000000fc62f010} - klass: 'games/stendhal/server/entity/creature/Creature'
stack at sp + 5 slots: 0x000000084010f5b0 is a pointer to class: 
games.stendhal.server.entity.mapstuff.portal.QuestCheckingPortal {0x000000084010f5b0}
stack at sp + 6 slots: 0x00000000fc62f020 is pointing into object: games.stendhal.server.entity.creature.Creature 
{0x00000000fc62f010} - klass: 'games/stendhal/server/entity/creature/Creature'
stack at sp + 7 slots: 0x00007f3e6244cd40 points into unknown readable memory: a8 f6 4f 64 3e 7f 00 00


---------------  P R O C E S S  ---------------

Threads class SMR info:
_java_thread_list=0x00007f3e5d01ac10, length=20, elements={
0x00007f3e5c09e800, 0x00007f3e5c0a0800, 0x00007f3e5c0a6000, 0x00007f3e5c0a8000,
0x00007f3e5c0aa000, 0x00007f3e5c0ac000, 0x00007f3e5c0e4800, 0x00007f3e5c0e9000,
0x00007f3e5c340000, 0x00007f3e5c461800, 0x00007f3e5c480800, 0x00007f3e5c4d6800,
0x00007f3e5c5ac800, 0x00007f3e5c5ad800, 0x00007f3e5cfdc000, 0x00007f3e5d00c000,
0x00007f3e5d016000, 0x00007f3e5d017800, 0x00007f3e5d019000, 0x00007f3e5c017000
}

Java Threads: ( => current thread )
  0x00007f3e5c09e800 JavaThread "Reference Handler" daemon [_thread_blocked, id=3711, stack(0x00007f3e44490000,0x00007f3e44591000)]
  0x00007f3e5c0a0800 JavaThread "Finalizer" daemon [_thread_blocked, id=3712, stack(0x00007f3e4438f000,0x00007f3e44490000)]
  0x00007f3e5c0a6000 JavaThread "Signal Dispatcher" daemon [_thread_blocked, id=3713, stack(0x00007f3e4428e000,0x00007f3e4438f000)]
  0x00007f3e5c0a8000 JavaThread "C2 CompilerThread0" daemon [_thread_blocked, id=3714, stack(0x00007f3e4418d000,0x00007f3e4428e000)]
  0x00007f3e5c0aa000 JavaThread "C1 CompilerThread0" daemon [_thread_blocked, id=3715, stack(0x00007f3e4408c000,0x00007f3e4418d000)]
  0x00007f3e5c0ac000 JavaThread "Sweeper thread" daemon [_thread_blocked, id=3716, stack(0x00007f3e2f18f000,0x00007f3e2f290000)]
  0x00007f3e5c0e4800 JavaThread "Service Thread" daemon [_thread_blocked, id=3717, stack(0x00007f3e2f08e000,0x00007f3e2f18f000)]
  0x00007f3e5c0e9000 JavaThread "Common-Cleaner" daemon [_thread_blocked, id=3719, stack(0x00007f3e2ee8b000,0x00007f3e2ef8c000)]
  0x00007f3e5c340000 JavaThread "Abandoned connection cleanup thread" daemon [_thread_blocked, id=3722, stack(0x00007f3e2eb86000,0x00007f3e2ec87000)]
  0x00007f3e5c461800 JavaThread "H2 File Lock Watchdog /home/csimage/stendhal/database/h2db.lock.db" daemon [_thread_blocked, id=3724, stack(0x00007f3e2ea85000,0x00007f3e2eb86000)]
  0x00007f3e5c480800 JavaThread "H2 Log Writer H2DB" daemon [_thread_blocked, id=3725, stack(0x00007f3e2e984000,0x00007f3e2ea85000)]
  0x00007f3e5c4d6800 JavaThread "Timer-0" [_thread_blocked, id=3728, stack(0x00007f3e2e582000,0x00007f3e2e683000)]
  0x00007f3e5c5ac800 JavaThread "NioServer" [_thread_in_native, id=3729, stack(0x00007f3e2e683000,0x00007f3e2e784000)]
  0x00007f3e5c5ad800 JavaThread "NetworkServerManager" [_thread_blocked, id=3730, stack(0x00007f3e2e481000,0x00007f3e2e582000)]
  0x00007f3e5cfdc000 JavaThread "DBCommandQueue" [_thread_blocked, id=3731, stack(0x00007f3e2cd80000,0x00007f3e2ce81000)]
  0x00007f3e5d00c000 JavaThread "RPServerManager" [_thread_blocked, id=3732, stack(0x00007f3e2ca7f000,0x00007f3e2cb80000)]
  0x00007f3e5d016000 JavaThread "GameServerManager" [_thread_blocked, id=3733, stack(0x00007f3e2c77e000,0x00007f3e2c87f000)]
  0x00007f3e5d017800 JavaThread "DelayedEventHandlerThread" [_thread_blocked, id=3734, stack(0x00007f3e2c67d000,0x00007f3e2c77e000)]
  0x00007f3e5d019000 JavaThread "marauroad" [_thread_blocked, id=3735, stack(0x00007f3e2c57c000,0x00007f3e2c67d000)]
  0x00007f3e5c017000 JavaThread "DestroyJavaVM" [_thread_blocked, id=3704, stack(0x00007f3e62f5b000,0x00007f3e6305c000)]

Other Threads:
  0x00007f3e5c09b800 VMThread "VM Thread" [stack: 0x00007f3e44593000,0x00007f3e44693000] [id=3710]
  0x00007f3e5c0e7000 WatcherThread [stack: 0x00007f3e2ef8e000,0x00007f3e2f08e000] [id=3718]
  0x00007f3e5c02e800 GCTaskThread "GC Thread#0" [stack: 0x00007f3e62c14000,0x00007f3e62d14000] [id=3705]
  0x00007f3e28001000 GCTaskThread "GC Thread#1" [stack: 0x00007f3e2ed8b000,0x00007f3e2ee8b000] [id=3720]
  0x00007f3e5c036800 ConcurrentGCThread "G1 Main Marker" [stack: 0x00007f3e62450000,0x00007f3e62550000] [id=3706]
=>0x00007f3e5c038000 ConcurrentGCThread "G1 Conc#0" [stack: 0x00007f3e6234e000,0x00007f3e6244e000] [id=3707]
  0x00007f3e5c072000 ConcurrentGCThread "G1 Refine#0" [stack: 0x00007f3e6004a000,0x00007f3e6014a000] [id=3708]
  0x00007f3e30001000 ConcurrentGCThread "G1 Refine#1" [stack: 0x00007f3e2ec89000,0x00007f3e2ed89000] [id=3721]
  0x00007f3e5c073800 ConcurrentGCThread "G1 Young RemSet Sampling" [stack: 0x00007f3e44799000,0x00007f3e44899000] [id=3709]

Threads with active compile tasks:

VM state:not at safepoint (normal execution)

VM Mutex/Monitor currently owned by a thread: None

Heap address: 0x00000000f8000000, size: 128 MB, Compressed Oops mode: 32-bit
Narrow klass base: 0x0000000800000000, Narrow klass shift: 3
Compressed class space size: 1073741824 Address: 0x0000000840000000

Heap:
 garbage-first heap   total 119808K, used 106422K [0x00000000f8000000, 0x0000000100000000)
  region size 1024K, 2 young (2048K), 1 survivors (1024K)
 Metaspace       used 31926K, capacity 32341K, committed 33328K, reserved 1077248K
  class space    used 4878K, capacity 5041K, committed 5248K, reserved 1048576K
Heap Regions: E=young(eden), S=young(survivor), O=old, HS=humongous(starts), HC=humongous(continues), CS=collection set, F=free, A=archive, TAMS=top-at-mark-start (previous, next)
|   0|0x00000000f8000000, 0x00000000f8100000, 0x00000000f8100000|100%| O|  |TAMS 0x00000000f8100000, 0x00000000f8100000| Untracked 
|   1|0x00000000f8100000, 0x00000000f8200000, 0x00000000f8200000|100%| O|  |TAMS 0x00000000f8200000, 0x00000000f8200000| Untracked 
|   2|0x00000000f8200000, 0x00000000f8300000, 0x00000000f8300000|100%| O|  |TAMS 0x00000000f8300000, 0x00000000f8300000| Untracked 
|   3|0x00000000f8300000, 0x00000000f8400000, 0x00000000f8400000|100%| O|  |TAMS 0x00000000f8400000, 0x00000000f8400000| Untracked 
|   4|0x00000000f8400000, 0x00000000f8500000, 0x00000000f8500000|100%| O|  |TAMS 0x00000000f8500000, 0x00000000f8500000| Untracked 
|   5|0x00000000f8500000, 0x00000000f8600000, 0x00000000f8600000|100%| O|  |TAMS 0x00000000f8600000, 0x00000000f8600000| Untracked 
|   6|0x00000000f8600000, 0x00000000f8700000, 0x00000000f8700000|100%| O|  |TAMS 0x00000000f8700000, 0x00000000f8700000| Untracked 
|   7|0x00000000f8700000, 0x00000000f8800000, 0x00000000f8800000|100%| O|  |TAMS 0x00000000f8800000, 0x00000000f8800000| Untracked 
|   8|0x00000000f8800000, 0x00000000f8900000, 0x00000000f8900000|100%| O|  |TAMS 0x00000000f8900000, 0x00000000f8900000| Untracked 
|   9|0x00000000f8900000, 0x00000000f8a00000, 0x00000000f8a00000|100%| O|  |TAMS 0x00000000f8a00000, 0x00000000f8a00000| Untracked 
|  10|0x00000000f8a00000, 0x00000000f8b00000, 0x00000000f8b00000|100%| O|  |TAMS 0x00000000f8b00000, 0x00000000f8b00000| Untracked 
|  11|0x00000000f8b00000, 0x00000000f8c00000, 0x00000000f8c00000|100%| O|  |TAMS 0x00000000f8c00000, 0x00000000f8c00000| Untracked 
|  12|0x00000000f8c00000, 0x00000000f8d00000, 0x00000000f8d00000|100%| O|  |TAMS 0x00000000f8d00000, 0x00000000f8d00000| Untracked 
|  13|0x00000000f8d00000, 0x00000000f8e00000, 0x00000000f8e00000|100%| O|  |TAMS 0x00000000f8e00000, 0x00000000f8e00000| Untracked 
|  14|0x00000000f8e00000, 0x00000000f8f00000, 0x00000000f8f00000|100%| O|  |TAMS 0x00000000f8f00000, 0x00000000f8f00000| Untracked 
|  15|0x00000000f8f00000, 0x00000000f9000000, 0x00000000f9000000|100%| O|  |TAMS 0x00000000f9000000, 0x00000000f9000000| Untracked 
|  16|0x00000000f9000000, 0x00000000f9100000, 0x00000000f9100000|100%| O|  |TAMS 0x00000000f9100000, 0x00000000f9100000| Untracked 
|  17|0x00000000f9100000, 0x00000000f9200000, 0x00000000f9200000|100%| O|  |TAMS 0x00000000f9200000, 0x00000000f9200000| Untracked 
|  18|0x00000000f9200000, 0x00000000f9300000, 0x00000000f9300000|100%| O|  |TAMS 0x00000000f9300000, 0x00000000f9300000| Untracked 
|  19|0x00000000f9300000, 0x00000000f9400000, 0x00000000f9400000|100%| O|  |TAMS 0x00000000f9400000, 0x00000000f9400000| Untracked 
|  20|0x00000000f9400000, 0x00000000f9500000, 0x00000000f9500000|100%| O|  |TAMS 0x00000000f9400000, 0x00000000f9500000| Untracked 
|  21|0x00000000f9500000, 0x00000000f9600000, 0x00000000f9600000|100%| O|  |TAMS 0x00000000f9600000, 0x00000000f9600000| Untracked 
|  22|0x00000000f9600000, 0x00000000f9700000, 0x00000000f9700000|100%| O|  |TAMS 0x00000000f9700000, 0x00000000f9700000| Untracked 
|  23|0x00000000f9700000, 0x00000000f9800000, 0x00000000f9800000|100%| O|  |TAMS 0x00000000f9800000, 0x00000000f9800000| Untracked 
|  24|0x00000000f9800000, 0x00000000f9900000, 0x00000000f9900000|100%| O|  |TAMS 0x00000000f9900000, 0x00000000f9900000| Untracked 
|  25|0x00000000f9900000, 0x00000000f9a00000, 0x00000000f9a00000|100%| O|  |TAMS 0x00000000f9a00000, 0x00000000f9a00000| Untracked 
|  26|0x00000000f9a00000, 0x00000000f9b00000, 0x00000000f9b00000|100%| O|  |TAMS 0x00000000f9b00000, 0x00000000f9b00000| Untracked 
|  27|0x00000000f9b00000, 0x00000000f9c00000, 0x00000000f9c00000|100%| O|  |TAMS 0x00000000f9c00000, 0x00000000f9c00000| Untracked 
|  28|0x00000000f9c00000, 0x00000000f9d00000, 0x00000000f9d00000|100%| O|  |TAMS 0x00000000f9d00000, 0x00000000f9d00000| Untracked 
|  29|0x00000000f9d00000, 0x00000000f9e00000, 0x00000000f9e00000|100%| O|  |TAMS 0x00000000f9e00000, 0x00000000f9e00000| Untracked 
|  30|0x00000000f9e00000, 0x00000000f9f00000, 0x00000000f9f00000|100%| O|  |TAMS 0x00000000f9f00000, 0x00000000f9f00000| Untracked 
|  31|0x00000000f9f00000, 0x00000000fa000000, 0x00000000fa000000|100%| O|  |TAMS 0x00000000f9f00000, 0x00000000fa000000| Untracked 
|  32|0x00000000fa000000, 0x00000000fa100000, 0x00000000fa100000|100%| O|  |TAMS 0x00000000fa100000, 0x00000000fa100000| Untracked 
|  33|0x00000000fa100000, 0x00000000fa200000, 0x00000000fa200000|100%| O|  |TAMS 0x00000000fa200000, 0x00000000fa200000| Untracked 
|  34|0x00000000fa200000, 0x00000000fa300000, 0x00000000fa300000|100%| O|  |TAMS 0x00000000fa300000, 0x00000000fa300000| Untracked 
|  35|0x00000000fa300000, 0x00000000fa400000, 0x00000000fa400000|100%| O|  |TAMS 0x00000000fa400000, 0x00000000fa400000| Untracked 
|  36|0x00000000fa400000, 0x00000000fa500000, 0x00000000fa500000|100%| O|  |TAMS 0x00000000fa500000, 0x00000000fa500000| Untracked 
|  37|0x00000000fa500000, 0x00000000fa600000, 0x00000000fa600000|100%| O|  |TAMS 0x00000000fa600000, 0x00000000fa600000| Untracked 
|  38|0x00000000fa600000, 0x00000000fa700000, 0x00000000fa700000|100%| O|  |TAMS 0x00000000fa700000, 0x00000000fa700000| Untracked 
|  39|0x00000000fa700000, 0x00000000fa800000, 0x00000000fa800000|100%| O|  |TAMS 0x00000000fa800000, 0x00000000fa800000| Untracked 
|  40|0x00000000fa800000, 0x00000000fa900000, 0x00000000fa900000|100%| O|  |TAMS 0x00000000fa900000, 0x00000000fa900000| Untracked 
|  41|0x00000000fa900000, 0x00000000faa00000, 0x00000000faa00000|100%| O|  |TAMS 0x00000000faa00000, 0x00000000faa00000| Untracked 
|  42|0x00000000faa00000, 0x00000000fab00000, 0x00000000fab00000|100%| O|  |TAMS 0x00000000fab00000, 0x00000000fab00000| Untracked 
|  43|0x00000000fab00000, 0x00000000fac00000, 0x00000000fac00000|100%| O|  |TAMS 0x00000000fac00000, 0x00000000fac00000| Untracked 
|  44|0x00000000fac00000, 0x00000000fad00000, 0x00000000fad00000|100%| O|  |TAMS 0x00000000fad00000, 0x00000000fad00000| Untracked 
|  45|0x00000000fad00000, 0x00000000fae00000, 0x00000000fae00000|100%| O|  |TAMS 0x00000000fae00000, 0x00000000fae00000| Untracked 
|  46|0x00000000fae00000, 0x00000000faf00000, 0x00000000faf00000|100%| O|  |TAMS 0x00000000faf00000, 0x00000000faf00000| Untracked 
|  47|0x00000000faf00000, 0x00000000fb000000, 0x00000000fb000000|100%| O|  |TAMS 0x00000000fb000000, 0x00000000fb000000| Untracked 
|  48|0x00000000fb000000, 0x00000000fb100000, 0x00000000fb100000|100%| O|  |TAMS 0x00000000fb100000, 0x00000000fb100000| Untracked 
|  49|0x00000000fb100000, 0x00000000fb200000, 0x00000000fb200000|100%| O|  |TAMS 0x00000000fb200000, 0x00000000fb200000| Untracked 
|  50|0x00000000fb200000, 0x00000000fb300000, 0x00000000fb300000|100%| O|  |TAMS 0x00000000fb300000, 0x00000000fb300000| Untracked 
|  51|0x00000000fb300000, 0x00000000fb400000, 0x00000000fb400000|100%| O|  |TAMS 0x00000000fb400000, 0x00000000fb400000| Untracked 
|  52|0x00000000fb400000, 0x00000000fb500000, 0x00000000fb500000|100%| O|  |TAMS 0x00000000fb500000, 0x00000000fb500000| Untracked 
|  53|0x00000000fb500000, 0x00000000fb600000, 0x00000000fb600000|100%| O|  |TAMS 0x00000000fb600000, 0x00000000fb600000| Untracked 
|  54|0x00000000fb600000, 0x00000000fb700000, 0x00000000fb700000|100%| O|  |TAMS 0x00000000fb700000, 0x00000000fb700000| Untracked 
|  55|0x00000000fb700000, 0x00000000fb800000, 0x00000000fb800000|100%| O|  |TAMS 0x00000000fb800000, 0x00000000fb800000| Untracked 
|  56|0x00000000fb800000, 0x00000000fb900000, 0x00000000fb900000|100%| O|  |TAMS 0x00000000fb900000, 0x00000000fb900000| Untracked 
|  57|0x00000000fb900000, 0x00000000fba00000, 0x00000000fba00000|100%| O|  |TAMS 0x00000000fba00000, 0x00000000fba00000| Untracked 
|  58|0x00000000fba00000, 0x00000000fbb00000, 0x00000000fbb00000|100%| O|  |TAMS 0x00000000fbb00000, 0x00000000fbb00000| Untracked 
|  59|0x00000000fbb00000, 0x00000000fbc00000, 0x00000000fbc00000|100%| O|  |TAMS 0x00000000fbc00000, 0x00000000fbc00000| Untracked 
|  60|0x00000000fbc00000, 0x00000000fbd00000, 0x00000000fbd00000|100%| O|  |TAMS 0x00000000fbd00000, 0x00000000fbd00000| Untracked 
|  61|0x00000000fbd00000, 0x00000000fbe00000, 0x00000000fbe00000|100%| O|  |TAMS 0x00000000fbe00000, 0x00000000fbe00000| Untracked 
|  62|0x00000000fbe00000, 0x00000000fbf00000, 0x00000000fbf00000|100%| O|  |TAMS 0x00000000fbf00000, 0x00000000fbf00000| Untracked 
|  63|0x00000000fbf00000, 0x00000000fc000000, 0x00000000fc000000|100%| O|  |TAMS 0x00000000fc000000, 0x00000000fc000000| Untracked 
|  64|0x00000000fc000000, 0x00000000fc100000, 0x00000000fc100000|100%| O|  |TAMS 0x00000000fc100000, 0x00000000fc100000| Untracked 
|  65|0x00000000fc100000, 0x00000000fc200000, 0x00000000fc200000|100%| O|  |TAMS 0x00000000fc200000, 0x00000000fc200000| Untracked 
|  66|0x00000000fc200000, 0x00000000fc300000, 0x00000000fc300000|100%| O|  |TAMS 0x00000000fc300000, 0x00000000fc300000| Untracked 
|  67|0x00000000fc300000, 0x00000000fc400000, 0x00000000fc400000|100%| O|  |TAMS 0x00000000fc400000, 0x00000000fc400000| Untracked 
|  68|0x00000000fc400000, 0x00000000fc500000, 0x00000000fc500000|100%| O|  |TAMS 0x00000000fc500000, 0x00000000fc500000| Untracked 
|  69|0x00000000fc500000, 0x00000000fc600000, 0x00000000fc600000|100%| O|  |TAMS 0x00000000fc600000, 0x00000000fc600000| Untracked 
|  70|0x00000000fc600000, 0x00000000fc687800, 0x00000000fc700000| 52%| O|  |TAMS 0x00000000fc600000, 0x00000000fc687800| Untracked 
|  71|0x00000000fc700000, 0x00000000fc800000, 0x00000000fc800000|100%| O|  |TAMS 0x00000000fc800000, 0x00000000fc800000| Untracked 
|  72|0x00000000fc800000, 0x00000000fc900000, 0x00000000fc900000|100%| O|  |TAMS 0x00000000fc900000, 0x00000000fc900000| Untracked 
|  73|0x00000000fc900000, 0x00000000fca00000, 0x00000000fca00000|100%| O|  |TAMS 0x00000000fca00000, 0x00000000fca00000| Untracked 
|  74|0x00000000fca00000, 0x00000000fcb00000, 0x00000000fcb00000|100%| O|  |TAMS 0x00000000fcb00000, 0x00000000fcb00000| Untracked 
|  75|0x00000000fcb00000, 0x00000000fcc00000, 0x00000000fcc00000|100%| O|  |TAMS 0x00000000fcc00000, 0x00000000fcc00000| Untracked 
|  76|0x00000000fcc00000, 0x00000000fcd00000, 0x00000000fcd00000|100%| O|  |TAMS 0x00000000fcd00000, 0x00000000fcd00000| Untracked 
|  77|0x00000000fcd00000, 0x00000000fce00000, 0x00000000fce00000|100%| O|  |TAMS 0x00000000fce00000, 0x00000000fce00000| Untracked 
|  78|0x00000000fce00000, 0x00000000fcf00000, 0x00000000fcf00000|100%| O|  |TAMS 0x00000000fcf00000, 0x00000000fcf00000| Untracked 
|  79|0x00000000fcf00000, 0x00000000fd000000, 0x00000000fd000000|100%| O|  |TAMS 0x00000000fd000000, 0x00000000fd000000| Untracked 
|  80|0x00000000fd000000, 0x00000000fd100000, 0x00000000fd100000|100%| O|  |TAMS 0x00000000fd100000, 0x00000000fd100000| Untracked 
|  81|0x00000000fd100000, 0x00000000fd200000, 0x00000000fd200000|100%| O|  |TAMS 0x00000000fd200000, 0x00000000fd200000| Untracked 
|  82|0x00000000fd200000, 0x00000000fd300000, 0x00000000fd300000|100%| O|  |TAMS 0x00000000fd300000, 0x00000000fd300000| Untracked 
|  83|0x00000000fd300000, 0x00000000fd400000, 0x00000000fd400000|100%| O|  |TAMS 0x00000000fd400000, 0x00000000fd400000| Untracked 
|  84|0x00000000fd400000, 0x00000000fd500000, 0x00000000fd500000|100%| O|  |TAMS 0x00000000fd500000, 0x00000000fd500000| Untracked 
|  85|0x00000000fd500000, 0x00000000fd600000, 0x00000000fd600000|100%| O|  |TAMS 0x00000000fd600000, 0x00000000fd600000| Untracked 
|  86|0x00000000fd600000, 0x00000000fd700000, 0x00000000fd700000|100%| O|  |TAMS 0x00000000fd700000, 0x00000000fd700000| Untracked 
|  87|0x00000000fd700000, 0x00000000fd800000, 0x00000000fd800000|100%| O|  |TAMS 0x00000000fd800000, 0x00000000fd800000| Untracked 
|  88|0x00000000fd800000, 0x00000000fd900000, 0x00000000fd900000|100%| O|  |TAMS 0x00000000fd900000, 0x00000000fd900000| Untracked 
|  89|0x00000000fd900000, 0x00000000fda00000, 0x00000000fda00000|100%| O|  |TAMS 0x00000000fda00000, 0x00000000fda00000| Untracked 
|  90|0x00000000fda00000, 0x00000000fdb00000, 0x00000000fdb00000|100%| O|  |TAMS 0x00000000fdb00000, 0x00000000fdb00000| Untracked 
|  91|0x00000000fdb00000, 0x00000000fdc00000, 0x00000000fdc00000|100%| O|  |TAMS 0x00000000fdc00000, 0x00000000fdc00000| Untracked 
|  92|0x00000000fdc00000, 0x00000000fdd00000, 0x00000000fdd00000|100%| O|  |TAMS 0x00000000fdd00000, 0x00000000fdd00000| Untracked 
|  93|0x00000000fdd00000, 0x00000000fde00000, 0x00000000fde00000|100%| O|  |TAMS 0x00000000fdde1400, 0x00000000fde00000| Untracked 
|  94|0x00000000fde00000, 0x00000000fde00000, 0x00000000fdf00000|  0%| F|  |TAMS 0x00000000fde00000, 0x00000000fde00000| Untracked 
|  95|0x00000000fdf00000, 0x00000000fe000000, 0x00000000fe000000|100%| O|  |TAMS 0x00000000fe000000, 0x00000000fe000000| Untracked 
|  96|0x00000000fe000000, 0x00000000fe000000, 0x00000000fe100000|  0%| F|  |TAMS 0x00000000fe000000, 0x00000000fe000000| Untracked 
|  97|0x00000000fe100000, 0x00000000fe200000, 0x00000000fe200000|100%| O|  |TAMS 0x00000000fe200000, 0x00000000fe200000| Untracked 
|  98|0x00000000fe200000, 0x00000000fe200000, 0x00000000fe300000|  0%| F|  |TAMS 0x00000000fe200000, 0x00000000fe200000| Untracked 
|  99|0x00000000fe300000, 0x00000000fe300000, 0x00000000fe400000|  0%| F|  |TAMS 0x00000000fe300000, 0x00000000fe300000| Untracked 
| 100|0x00000000fe400000, 0x00000000fe400000, 0x00000000fe500000|  0%| F|  |TAMS 0x00000000fe400000, 0x00000000fe400000| Untracked 
| 101|0x00000000fe500000, 0x00000000fe500000, 0x00000000fe600000|  0%| F|  |TAMS 0x00000000fe500000, 0x00000000fe500000| Untracked 
| 102|0x00000000fe600000, 0x00000000fe600000, 0x00000000fe700000|  0%| F|  |TAMS 0x00000000fe600000, 0x00000000fe600000| Untracked 
| 103|0x00000000fe700000, 0x00000000fe7b4060, 0x00000000fe800000| 70%| S|CS|TAMS 0x00000000fe700000, 0x00000000fe700000| Complete 
| 104|0x00000000fe800000, 0x00000000fe800000, 0x00000000fe900000|  0%| F|  |TAMS 0x00000000fe800000, 0x00000000fe800000| Untracked 
| 105|0x00000000fe900000, 0x00000000fe900000, 0x00000000fea00000|  0%| F|  |TAMS 0x00000000fe900000, 0x00000000fe900000| Untracked 
| 106|0x00000000fea00000, 0x00000000fea00000, 0x00000000feb00000|  0%| F|  |TAMS 0x00000000fea00000, 0x00000000fea00000| Untracked 
| 107|0x00000000feb00000, 0x00000000fec00000, 0x00000000fec00000|100%| O|  |TAMS 0x00000000fec00000, 0x00000000fec00000| Untracked 
| 108|0x00000000fec00000, 0x00000000fed00000, 0x00000000fed00000|100%| O|  |TAMS 0x00000000fed00000, 0x00000000fed00000| Untracked 
| 109|0x00000000fed00000, 0x00000000fed147a8, 0x00000000fee00000|  7%| E|  |TAMS 0x00000000fed00000, 0x00000000fed00000| Complete 
| 110|0x00000000fee00000, 0x00000000fef00000, 0x00000000fef00000|100%| O|  |TAMS 0x00000000fef00000, 0x00000000fef00000| Untracked 
| 111|0x00000000fef00000, 0x00000000ff000000, 0x00000000ff000000|100%| O|  |TAMS 0x00000000ff000000, 0x00000000ff000000| Untracked 
| 112|0x00000000ff000000, 0x00000000ff100000, 0x00000000ff100000|100%| O|  |TAMS 0x00000000ff100000, 0x00000000ff100000| Untracked 
| 113|0x00000000ff100000, 0x00000000ff200000, 0x00000000ff200000|100%| O|  |TAMS 0x00000000ff200000, 0x00000000ff200000| Untracked 
| 114|0x00000000ff200000, 0x00000000ff300000, 0x00000000ff300000|100%| O|  |TAMS 0x00000000ff300000, 0x00000000ff300000| Untracked 
| 126|0x00000000ffe00000, 0x00000000ffe47000, 0x00000000fff00000| 27%|OA|  |TAMS 0x00000000ffe47000, 0x00000000ffe47000| Untracked 
| 127|0x00000000fff00000, 0x00000000fff6b000, 0x0000000100000000| 41%|CA|  |TAMS 0x00000000fff6b000, 0x00000000fff6b000| Untracked 

Card table byte_map: [0x00007f3e62990000,0x00007f3e629d0000] _byte_map_base: 0x00007f3e621d0000

Marking Bits (Prev, Next): (CMBitMap*) 0x00007f3e5c034fa8, (CMBitMap*) 0x00007f3e5c034fe0
 Prev Bits: [0x00007f3e62750000, 0x00007f3e62950000)
 Next Bits: [0x00007f3e62550000, 0x00007f3e62750000)

Polling page: 0x00007f3e64886000

Metaspace:

Usage:
  Non-class:     26.66 MB capacity,    26.41 MB (>99%) used,   207.20 KB ( <1%) free+waste,    45.00 KB ( <1%) overhead. 
      Class:      4.92 MB capacity,     4.76 MB ( 97%) used,   141.73 KB (  3%) free+waste,    20.75 KB ( <1%) overhead. 
       Both:     31.58 MB capacity,    31.18 MB ( 99%) used,   348.93 KB (  1%) free+waste,    65.75 KB ( <1%) overhead. 

Virtual space:
  Non-class space:       28.00 MB reserved,      27.42 MB ( 98%) committed 
      Class space:        1.00 GB reserved,       5.12 MB ( <1%) committed 
             Both:        1.03 GB reserved,      32.55 MB (  3%) committed 

Chunk freelists:
   Non-Class:  528.00 KB
       Class:  207.00 KB
        Both:  735.00 KB

MaxMetaspaceSize: unlimited
CompressedClassSpaceSize: 1.00 GB

CodeHeap 'non-profiled nmethods': size=120036Kb used=4307Kb max_used=4307Kb free=115728Kb
 bounds [0x00007f3e4c360000, 0x00007f3e4c7a0000, 0x00007f3e53899000]
CodeHeap 'profiled nmethods': size=120032Kb used=15029Kb max_used=15092Kb free=105002Kb
 bounds [0x00007f3e44e28000, 0x00007f3e45d28000, 0x00007f3e4c360000]
CodeHeap 'non-nmethods': size=5692Kb used=1163Kb max_used=1214Kb free=4529Kb
 bounds [0x00007f3e44899000, 0x00007f3e44b09000, 0x00007f3e44e28000]
 total_blobs=6614 nmethods=6084 adapters=442
 compilation: enabled
              stopped_count=0, restarted_count=0
 full_count=0

Compilation events (20 events):
Event: 212.363 Thread 0x00007f3e5c0a8000 7199       4       marauroa.common.game.RPSlot::setDeletedRPObject (67 bytes)
Event: 212.372 Thread 0x00007f3e5c0a8000 nmethod 7199 0x00007f3e4c791c10 code [0x00007f3e4c791da0, 0x00007f3e4c791f38]
Event: 212.658 Thread 0x00007f3e5c0aa000 7200   !   3       marauroa.server.game.rp.RPServerManager::sendPlayerPerception (249 bytes)
Event: 212.664 Thread 0x00007f3e5c0aa000 nmethod 7200 0x00007f3e456d2810 code [0x00007f3e456d2ca0, 0x00007f3e456d4f30]
Event: 212.664 Thread 0x00007f3e5c0aa000 7201       3       marauroa.server.net.NetworkServerManager::sendMessage (111 bytes)
Event: 212.680 Thread 0x00007f3e5c0aa000 nmethod 7201 0x00007f3e456c9410 code [0x00007f3e456c97c0, 0x00007f3e456cb1d0]
Event: 214.153 Thread 0x00007f3e5c0a8000 7202   !   4       marauroa.common.game.RPObject::size (165 bytes)
Event: 214.160 Thread 0x00007f3e5c0a8000 nmethod 7202 0x00007f3e4c792210 code [0x00007f3e4c7923c0, 0x00007f3e4c792718]
Event: 216.262 Thread 0x00007f3e5c0aa000 7203       3       jdk.internal.misc.Unsafe::getAndAddInt (27 bytes)
Event: 216.263 Thread 0x00007f3e5c0aa000 nmethod 7203 0x00007f3e4534ba10 code [0x00007f3e4534bbc0, 0x00007f3e4534be30]
Event: 219.877 Thread 0x00007f3e5c0a8000 7204       4       games.stendhal.server.entity.creature.impl.idle.Patroller::weWouldLeaveArea (68 bytes)
Event: 219.880 Thread 0x00007f3e5c0a8000 nmethod 7204 0x00007f3e4c792910 code [0x00007f3e4c792aa0, 0x00007f3e4c792b78]
Event: 220.178 Thread 0x00007f3e5c0a8000 7205  s    4       games.stendhal.server.core.engine.StendhalRPZone::collides (47 bytes)
Event: 220.198 Thread 0x00007f3e5c0a8000 nmethod 7205 0x00007f3e4c792c90 code [0x00007f3e4c792e60, 0x00007f3e4c793858]
Event: 222.289 Thread 0x00007f3e5c0a8000 7206       4       games.stendhal.server.entity.mapstuff.portal.QuestCheckingPortal::logic (5 bytes)
Event: 222.290 Thread 0x00007f3e5c0a8000 nmethod 7206 0x00007f3e4c793e90 code [0x00007f3e4c794020, 0x00007f3e4c7940b8]
Event: 222.589 Thread 0x00007f3e5c0a8000 7207  s    4       java.util.Random::nextGaussian (97 bytes)
Event: 222.603 Thread 0x00007f3e5c0a8000 nmethod 7207 0x00007f3e4c794190 code [0x00007f3e4c7943c0, 0x00007f3e4c794ae8]
Event: 225.303 Thread 0x00007f3e5c0a8000 7208       4       java.util.AbstractMap::<init> (5 bytes)
Event: 225.304 Thread 0x00007f3e5c0a8000 nmethod 7208 0x00007f3e4c794e90 code [0x00007f3e4c795020, 0x00007f3e4c795098]

GC Heap History (20 events):
Event: 103.335 GC heap before
{Heap before GC invocations=272 (full 0):
 garbage-first heap   total 119808K, used 104557K [0x00000000f8000000, 0x0000000100000000)
  region size 1024K, 5 young (5120K), 1 survivors (1024K)
 Metaspace       used 31815K, capacity 32213K, committed 33072K, reserved 1077248K
  class space    used 4877K, capacity 5041K, committed 5248K, reserved 1048576K
}
Event: 103.348 GC heap after
{Heap after GC invocations=273 (full 0):
 garbage-first heap   total 119808K, used 101513K [0x00000000f8000000, 0x0000000100000000)
  region size 1024K, 1 young (1024K), 1 survivors (1024K)
 Metaspace       used 31815K, capacity 32213K, committed 33072K, reserved 1077248K
  class space    used 4877K, capacity 5041K, committed 5248K, reserved 1048576K
}
Event: 115.752 GC heap before
{Heap before GC invocations=274 (full 0):
 garbage-first heap   total 119808K, used 105609K [0x00000000f8000000, 0x0000000100000000)
  region size 1024K, 5 young (5120K), 1 survivors (1024K)
 Metaspace       used 31838K, capacity 32213K, committed 33072K, reserved 1077248K
  class space    used 4878K, capacity 5041K, committed 5248K, reserved 1048576K
}
Event: 115.782 GC heap after
{Heap after GC invocations=275 (full 0):
 garbage-first heap   total 119808K, used 102414K [0x00000000f8000000, 0x0000000100000000)
  region size 1024K, 1 young (1024K), 1 survivors (1024K)
 Metaspace       used 31838K, capacity 32213K, committed 33072K, reserved 1077248K
  class space    used 4878K, capacity 5041K, committed 5248K, reserved 1048576K
}
Event: 129.350 GC heap before
{Heap before GC invocations=275 (full 0):
 garbage-first heap   total 119808K, used 106510K [0x00000000f8000000, 0x0000000100000000)
  region size 1024K, 5 young (5120K), 1 survivors (1024K)
 Metaspace       used 31844K, capacity 32213K, committed 33072K, reserved 1077248K
  class space    used 4878K, capacity 5041K, committed 5248K, reserved 1048576K
}
Event: 129.358 GC heap after
{Heap after GC invocations=276 (full 0):
 garbage-first heap   total 119808K, used 102424K [0x00000000f8000000, 0x0000000100000000)
  region size 1024K, 1 young (1024K), 1 survivors (1024K)
 Metaspace       used 31844K, capacity 32213K, committed 33072K, reserved 1077248K
  class space    used 4878K, capacity 5041K, committed 5248K, reserved 1048576K
}
Event: 143.062 GC heap before
{Heap before GC invocations=276 (full 0):
 garbage-first heap   total 119808K, used 106520K [0x00000000f8000000, 0x0000000100000000)
  region size 1024K, 5 young (5120K), 1 survivors (1024K)
 Metaspace       used 31885K, capacity 32277K, committed 33072K, reserved 1077248K
  class space    used 4878K, capacity 5041K, committed 5248K, reserved 1048576K
}
Event: 143.105 GC heap after
{Heap after GC invocations=277 (full 0):
 garbage-first heap   total 119808K, used 103210K [0x00000000f8000000, 0x0000000100000000)
  region size 1024K, 1 young (1024K), 1 survivors (1024K)
 Metaspace       used 31885K, capacity 32277K, committed 33072K, reserved 1077248K
  class space    used 4878K, capacity 5041K, committed 5248K, reserved 1048576K
}
Event: 157.436 GC heap before
{Heap before GC invocations=278 (full 0):
 garbage-first heap   total 119808K, used 107306K [0x00000000f8000000, 0x0000000100000000)
  region size 1024K, 5 young (5120K), 1 survivors (1024K)
 Metaspace       used 31885K, capacity 32277K, committed 33072K, reserved 1077248K
  class space    used 4878K, capacity 5041K, committed 5248K, reserved 1048576K
}
Event: 157.443 GC heap after
{Heap after GC invocations=279 (full 0):
 garbage-first heap   total 119808K, used 103931K [0x00000000f8000000, 0x0000000100000000)
  region size 1024K, 1 young (1024K), 1 survivors (1024K)
 Metaspace       used 31885K, capacity 32277K, committed 33072K, reserved 1077248K
  class space    used 4878K, capacity 5041K, committed 5248K, reserved 1048576K
}
Event: 172.204 GC heap before
{Heap before GC invocations=279 (full 0):
 garbage-first heap   total 119808K, used 108027K [0x00000000f8000000, 0x0000000100000000)
  region size 1024K, 5 young (5120K), 1 survivors (1024K)
 Metaspace       used 31892K, capacity 32341K, committed 33328K, reserved 1077248K
  class space    used 4878K, capacity 5041K, committed 5248K, reserved 1048576K
}
Event: 172.224 GC heap after
{Heap after GC invocations=280 (full 0):
 garbage-first heap   total 119808K, used 103966K [0x00000000f8000000, 0x0000000100000000)
  region size 1024K, 1 young (1024K), 1 survivors (1024K)
 Metaspace       used 31892K, capacity 32341K, committed 33328K, reserved 1077248K
  class space    used 4878K, capacity 5041K, committed 5248K, reserved 1048576K
}
Event: 187.001 GC heap before
{Heap before GC invocations=280 (full 0):
 garbage-first heap   total 119808K, used 108062K [0x00000000f8000000, 0x0000000100000000)
  region size 1024K, 5 young (5120K), 1 survivors (1024K)
 Metaspace       used 31903K, capacity 32341K, committed 33328K, reserved 1077248K
  class space    used 4878K, capacity 5041K, committed 5248K, reserved 1048576K
}
Event: 187.040 GC heap after
{Heap after GC invocations=281 (full 0):
 garbage-first heap   total 119808K, used 104703K [0x00000000f8000000, 0x0000000100000000)
  region size 1024K, 1 young (1024K), 1 survivors (1024K)
 Metaspace       used 31903K, capacity 32341K, committed 33328K, reserved 1077248K
  class space    used 4878K, capacity 5041K, committed 5248K, reserved 1048576K
}
Event: 201.802 GC heap before
{Heap before GC invocations=282 (full 0):
 garbage-first heap   total 119808K, used 108799K [0x00000000f8000000, 0x0000000100000000)
  region size 1024K, 5 young (5120K), 1 survivors (1024K)
 Metaspace       used 31903K, capacity 32341K, committed 33328K, reserved 1077248K
  class space    used 4878K, capacity 5041K, committed 5248K, reserved 1048576K
}
Event: 201.814 GC heap after
{Heap after GC invocations=283 (full 0):
 garbage-first heap   total 119808K, used 105405K [0x00000000f8000000, 0x0000000100000000)
  region size 1024K, 1 young (1024K), 1 survivors (1024K)
 Metaspace       used 31903K, capacity 32341K, committed 33328K, reserved 1077248K
  class space    used 4878K, capacity 5041K, committed 5248K, reserved 1048576K
}
Event: 217.470 GC heap before
{Heap before GC invocations=283 (full 0):
 garbage-first heap   total 119808K, used 109501K [0x00000000f8000000, 0x0000000100000000)
  region size 1024K, 5 young (5120K), 1 survivors (1024K)
 Metaspace       used 31926K, capacity 32341K, committed 33328K, reserved 1077248K
  class space    used 4878K, capacity 5041K, committed 5248K, reserved 1048576K
}
Event: 217.513 GC heap after
{Heap after GC invocations=284 (full 0):
 garbage-first heap   total 119808K, used 105698K [0x00000000f8000000, 0x0000000100000000)
  region size 1024K, 1 young (1024K), 1 survivors (1024K)
 Metaspace       used 31926K, capacity 32341K, committed 33328K, reserved 1077248K
  class space    used 4878K, capacity 5041K, committed 5248K, reserved 1048576K
}
Event: 233.140 GC heap before
{Heap before GC invocations=284 (full 0):
 garbage-first heap   total 119808K, used 109794K [0x00000000f8000000, 0x0000000100000000)
  region size 1024K, 5 young (5120K), 1 survivors (1024K)
 Metaspace       used 31926K, capacity 32341K, committed 33328K, reserved 1077248K
  class space    used 4878K, capacity 5041K, committed 5248K, reserved 1048576K
}
Event: 233.153 GC heap after
{Heap after GC invocations=285 (full 0):
 garbage-first heap   total 119808K, used 106422K [0x00000000f8000000, 0x0000000100000000)
  region size 1024K, 1 young (1024K), 1 survivors (1024K)
 Metaspace       used 31926K, capacity 32341K, committed 33328K, reserved 1077248K
  class space    used 4878K, capacity 5041K, committed 5248K, reserved 1048576K
}

Deoptimization events (20 events):
Event: 132.071 Thread 0x00007f3e5d00c000 Uncommon trap: trap_request=0xffffffbe fr.pc=0x00007f3e4c73f4c4 relative=0x0000000000000be4
Event: 132.072 Thread 0x00007f3e5d00c000 Uncommon trap: reason=profile_predicate action=maybe_recompile pc=0x00007f3e4c73f4c4 method=java.util.HashMap.putMapEntries(Ljava/util/Map;Z)V @ 101 c2
Event: 132.072 Thread 0x00007f3e5d00c000 DEOPT PACKING pc=0x00007f3e4c73f4c4 sp=0x00007f3e2cb7e3b0
Event: 132.072 Thread 0x00007f3e5d00c000 DEOPT UNPACKING pc=0x00007f3e448be99f sp=0x00007f3e2cb7e378 mode 2
Event: 136.307 Thread 0x00007f3e5d00c000 Uncommon trap: trap_request=0xffffffde fr.pc=0x00007f3e4c5c178c relative=0x00000000000029cc
Event: 136.307 Thread 0x00007f3e5d00c000 Uncommon trap: reason=class_check action=maybe_recompile pc=0x00007f3e4c5c178c method=games.stendhal.server.entity.ActiveEntity.applyMovement()V @ 235 c2
Event: 136.307 Thread 0x00007f3e5d00c000 DEOPT PACKING pc=0x00007f3e4c5c178c sp=0x00007f3e2cb7e740
Event: 136.307 Thread 0x00007f3e5d00c000 DEOPT UNPACKING pc=0x00007f3e448be99f sp=0x00007f3e2cb7e720 mode 2
Event: 185.797 Thread 0x00007f3e5d00c000 Uncommon trap: trap_request=0xffffffbe fr.pc=0x00007f3e4c73f4c4 relative=0x0000000000000be4
Event: 185.806 Thread 0x00007f3e5d00c000 Uncommon trap: reason=profile_predicate action=maybe_recompile pc=0x00007f3e4c73f4c4 method=java.util.HashMap.putMapEntries(Ljava/util/Map;Z)V @ 101 c2
Event: 185.806 Thread 0x00007f3e5d00c000 DEOPT PACKING pc=0x00007f3e4c73f4c4 sp=0x00007f3e2cb7e3b0
Event: 185.807 Thread 0x00007f3e5d00c000 DEOPT UNPACKING pc=0x00007f3e448be99f sp=0x00007f3e2cb7e378 mode 2
Event: 186.387 Thread 0x00007f3e5d00c000 Uncommon trap: trap_request=0xffffffde fr.pc=0x00007f3e4c5c178c relative=0x00000000000029cc
Event: 186.387 Thread 0x00007f3e5d00c000 Uncommon trap: reason=class_check action=maybe_recompile pc=0x00007f3e4c5c178c method=games.stendhal.server.entity.ActiveEntity.applyMovement()V @ 235 c2
Event: 186.387 Thread 0x00007f3e5d00c000 DEOPT PACKING pc=0x00007f3e4c5c178c sp=0x00007f3e2cb7e740
Event: 186.387 Thread 0x00007f3e5d00c000 DEOPT UNPACKING pc=0x00007f3e448be99f sp=0x00007f3e2cb7e720 mode 2
Event: 224.697 Thread 0x00007f3e5d00c000 Uncommon trap: trap_request=0xffffffde fr.pc=0x00007f3e4c5c178c relative=0x00000000000029cc
Event: 224.697 Thread 0x00007f3e5d00c000 Uncommon trap: reason=class_check action=maybe_recompile pc=0x00007f3e4c5c178c method=games.stendhal.server.entity.ActiveEntity.applyMovement()V @ 235 c2
Event: 224.697 Thread 0x00007f3e5d00c000 DEOPT PACKING pc=0x00007f3e4c5c178c sp=0x00007f3e2cb7e740
Event: 224.697 Thread 0x00007f3e5d00c000 DEOPT UNPACKING pc=0x00007f3e448be99f sp=0x00007f3e2cb7e720 mode 2

Classes redefined (0 events):
No events

Internal exceptions (20 events):
Event: 19.480 Thread 0x00007f3e5c017000 Exception <a 'java/security/PrivilegedActionException'{0x00000000fe912798}> (0x00000000fe912798) thrown at [src/hotspot/share/prims/jvm.cpp, line 1303]
Event: 19.480 Thread 0x00007f3e5c017000 Exception <a 'java/security/PrivilegedActionException'{0x00000000fe912eb0}> (0x00000000fe912eb0) thrown at [src/hotspot/share/prims/jvm.cpp, line 1303]
Event: 19.480 Thread 0x00007f3e5c017000 Exception <a 'java/security/PrivilegedActionException'{0x00000000fe913920}> (0x00000000fe913920) thrown at [src/hotspot/share/prims/jvm.cpp, line 1303]
Event: 19.480 Thread 0x00007f3e5c017000 Exception <a 'java/security/PrivilegedActionException'{0x00000000fe914098}> (0x00000000fe914098) thrown at [src/hotspot/share/prims/jvm.cpp, line 1303]
Event: 19.480 Thread 0x00007f3e5c017000 Exception <a 'java/security/PrivilegedActionException'{0x00000000fe914c40}> (0x00000000fe914c40) thrown at [src/hotspot/share/prims/jvm.cpp, line 1303]
Event: 19.480 Thread 0x00007f3e5c017000 Exception <a 'java/security/PrivilegedActionException'{0x00000000fe9153c0}> (0x00000000fe9153c0) thrown at [src/hotspot/share/prims/jvm.cpp, line 1303]
Event: 19.480 Thread 0x00007f3e5c017000 Exception <a 'java/security/PrivilegedActionException'{0x00000000fe915d30}> (0x00000000fe915d30) thrown at [src/hotspot/share/prims/jvm.cpp, line 1303]
Event: 19.480 Thread 0x00007f3e5c017000 Exception <a 'java/security/PrivilegedActionException'{0x00000000fe9164c0}> (0x00000000fe9164c0) thrown at [src/hotspot/share/prims/jvm.cpp, line 1303]
Event: 19.480 Thread 0x00007f3e5c017000 Exception <a 'java/security/PrivilegedActionException'{0x00000000fe916e68}> (0x00000000fe916e68) thrown at [src/hotspot/share/prims/jvm.cpp, line 1303]
Event: 19.480 Thread 0x00007f3e5c017000 Exception <a 'java/security/PrivilegedActionException'{0x00000000fe917600}> (0x00000000fe917600) thrown at [src/hotspot/share/prims/jvm.cpp, line 1303]
Event: 19.480 Thread 0x00007f3e5c017000 Exception <a 'java/security/PrivilegedActionException'{0x00000000fe917f08}> (0x00000000fe917f08) thrown at [src/hotspot/share/prims/jvm.cpp, line 1303]
Event: 19.480 Thread 0x00007f3e5c017000 Exception <a 'java/security/PrivilegedActionException'{0x00000000fe918640}> (0x00000000fe918640) thrown at [src/hotspot/share/prims/jvm.cpp, line 1303]
Event: 19.485 Thread 0x00007f3e5c017000 Exception <a 'java/lang/NullPointerException'{0x00000000fe93a508}> (0x00000000fe93a508) thrown at [src/hotspot/share/interpreter/linkResolver.cpp, line 1358]
Event: 19.795 Thread 0x00007f3e5d00c000 Implicit null exception at 0x00007f3e4c5cb384 to 0x00007f3e4c5cc280
Event: 33.064 Thread 0x00007f3e5d00c000 Implicit null exception at 0x00007f3e4c6d412c to 0x00007f3e4c6d4dec
Event: 35.781 Thread 0x00007f3e5d00c000 Implicit null exception at 0x00007f3e4c6d412c to 0x00007f3e4c6d4dec
Event: 39.702 Thread 0x00007f3e5d00c000 Implicit null exception at 0x00007f3e4c6d412c to 0x00007f3e4c6d4dec
Event: 43.018 Thread 0x00007f3e5d00c000 Implicit null exception at 0x00007f3e4c6d412c to 0x00007f3e4c6d4dec
Event: 92.784 Thread 0x00007f3e5c5ac800 Implicit null exception at 0x00007f3e4c750320 to 0x00007f3e4c7503bc
Event: 92.888 Thread 0x00007f3e5cfdc000 Implicit null exception at 0x00007f3e4c6fc6b5 to 0x00007f3e4c6fd6bc

Events (20 events):
Event: 143.823 Executing VM operation: CGC_Operation
Event: 143.872 Executing VM operation: CGC_Operation done
Event: 144.245 Executing VM operation: CGC_Operation
Event: 144.246 Executing VM operation: CGC_Operation done
Event: 157.435 Executing VM operation: G1CollectForAllocation
Event: 157.443 Executing VM operation: G1CollectForAllocation done
Event: 172.204 Executing VM operation: G1CollectForAllocation
Event: 172.224 Executing VM operation: G1CollectForAllocation done
Event: 187.001 Executing VM operation: G1CollectForAllocation
Event: 187.040 Executing VM operation: G1CollectForAllocation done
Event: 187.468 Executing VM operation: CGC_Operation
Event: 187.478 Executing VM operation: CGC_Operation done
Event: 187.575 Executing VM operation: CGC_Operation
Event: 187.575 Executing VM operation: CGC_Operation done
Event: 201.800 Executing VM operation: G1CollectForAllocation
Event: 201.814 Executing VM operation: G1CollectForAllocation done
Event: 217.469 Executing VM operation: G1CollectForAllocation
Event: 217.514 Executing VM operation: G1CollectForAllocation done
Event: 233.140 Executing VM operation: G1CollectForAllocation
Event: 233.153 Executing VM operation: G1CollectForAllocation done


Dynamic libraries:
f8000000-ff300000 rw-p 00000000 00:00 0 
ff300000-ffe00000 ---p 00000000 00:00 0 
ffe00000-ffe47000 rw-p 01111000 08:05 3801943                            /usr/lib/jvm/java-11-openjdk-amd64/lib/server/classes.jsa
ffe47000-fff00000 rw-p 00000000 00:00 0 
fff00000-fff6b000 rw-p 010a6000 08:05 3801943                            /usr/lib/jvm/java-11-openjdk-amd64/lib/server/classes.jsa
fff6b000-100000000 rw-p 00000000 00:00 0 
800000000-800002000 rwxp 00001000 08:05 3801943                          /usr/lib/jvm/java-11-openjdk-amd64/lib/server/classes.jsa
800002000-8003b9000 rw-p 00003000 08:05 3801943                          /usr/lib/jvm/java-11-openjdk-amd64/lib/server/classes.jsa
8003b9000-800a96000 r--p 003ba000 08:05 3801943                          /usr/lib/jvm/java-11-openjdk-amd64/lib/server/classes.jsa
800a96000-800a97000 rw-p 00a97000 08:05 3801943                          /usr/lib/jvm/java-11-openjdk-amd64/lib/server/classes.jsa
800a97000-8010a5000 r--p 00a98000 08:05 3801943                          /usr/lib/jvm/java-11-openjdk-amd64/lib/server/classes.jsa
840000000-840520000 rw-p 00000000 00:00 0 
840520000-880000000 ---p 00000000 00:00 0 
559d5d48f000-559d5d490000 r--p 00000000 08:05 3801670                    /usr/lib/jvm/java-11-openjdk-amd64/bin/java
559d5d490000-559d5d491000 r-xp 00001000 08:05 3801670                    /usr/lib/jvm/java-11-openjdk-amd64/bin/java
559d5d491000-559d5d492000 r--p 00002000 08:05 3801670                    /usr/lib/jvm/java-11-openjdk-amd64/bin/java
559d5d492000-559d5d493000 r--p 00002000 08:05 3801670                    /usr/lib/jvm/java-11-openjdk-amd64/bin/java
559d5d493000-559d5d494000 rw-p 00003000 08:05 3801670                    /usr/lib/jvm/java-11-openjdk-amd64/bin/java
559d5e17e000-559d5e1c0000 rw-p 00000000 00:00 0                          [heap]
7f3e08000000-7f3e08021000 rw-p 00000000 00:00 0 
7f3e08021000-7f3e0c000000 ---p 00000000 00:00 0 
7f3e0c000000-7f3e0c027000 rw-p 00000000 00:00 0 
7f3e0c027000-7f3e10000000 ---p 00000000 00:00 0 
7f3e10000000-7f3e10fe7000 rw-p 00000000 00:00 0 
7f3e10fe7000-7f3e14000000 ---p 00000000 00:00 0 
7f3e14000000-7f3e140ba000 rw-p 00000000 00:00 0 
7f3e140ba000-7f3e18000000 ---p 00000000 00:00 0 
7f3e18000000-7f3e18021000 rw-p 00000000 00:00 0 
7f3e18021000-7f3e1c000000 ---p 00000000 00:00 0 
7f3e1c000000-7f3e1e681000 rw-p 00000000 00:00 0 
7f3e1e681000-7f3e20000000 ---p 00000000 00:00 0 
7f3e20000000-7f3e20021000 rw-p 00000000 00:00 0 
7f3e20021000-7f3e24000000 ---p 00000000 00:00 0 
7f3e24000000-7f3e24021000 rw-p 00000000 00:00 0 
7f3e24021000-7f3e28000000 ---p 00000000 00:00 0 
7f3e28000000-7f3e28044000 rw-p 00000000 00:00 0 
7f3e28044000-7f3e2c000000 ---p 00000000 00:00 0 
7f3e2c57c000-7f3e2c580000 ---p 00000000 00:00 0 
7f3e2c580000-7f3e2c67d000 rw-p 00000000 00:00 0 
7f3e2c67d000-7f3e2c681000 ---p 00000000 00:00 0 
7f3e2c681000-7f3e2c77e000 rw-p 00000000 00:00 0 
7f3e2c77e000-7f3e2c782000 ---p 00000000 00:00 0 
7f3e2c782000-7f3e2c9ff000 rw-p 00000000 00:00 0 
7f3e2c9ff000-7f3e2ca7f000 ---p 00000000 00:00 0 
7f3e2ca7f000-7f3e2ca83000 ---p 00000000 00:00 0 
7f3e2ca83000-7f3e2cd80000 rw-p 00000000 00:00 0 
7f3e2cd80000-7f3e2cd84000 ---p 00000000 00:00 0 
7f3e2cd84000-7f3e2d081000 rw-p 00000000 00:00 0 
7f3e2d081000-7f3e2d281000 rw-p 00000000 00:00 0 
7f3e2d281000-7f3e2d46d000 rw-p 00000000 00:00 0 
7f3e2d46d000-7f3e2d481000 ---p 00000000 00:00 0 
7f3e2d481000-7f3e2d485000 r--p 00000000 08:05 3809559                    /usr/lib/x86_64-linux-gnu/libbsd.so.0.10.0
7f3e2d485000-7f3e2d494000 r-xp 00004000 08:05 3809559                    /usr/lib/x86_64-linux-gnu/libbsd.so.0.10.0
7f3e2d494000-7f3e2d497000 r--p 00013000 08:05 3809559                    /usr/lib/x86_64-linux-gnu/libbsd.so.0.10.0
7f3e2d497000-7f3e2d498000 ---p 00016000 08:05 3809559                    /usr/lib/x86_64-linux-gnu/libbsd.so.0.10.0
7f3e2d498000-7f3e2d499000 r--p 00016000 08:05 3809559                    /usr/lib/x86_64-linux-gnu/libbsd.so.0.10.0
7f3e2d499000-7f3e2d49a000 rw-p 00017000 08:05 3809559                    /usr/lib/x86_64-linux-gnu/libbsd.so.0.10.0
7f3e2d49a000-7f3e2d49b000 rw-p 00000000 00:00 0 
7f3e2d49b000-7f3e2d4a6000 r--p 00000000 08:05 3810816                    /usr/lib/x86_64-linux-gnu/libxcb.so.1.1.0
7f3e2d4a6000-7f3e2d4ba000 r-xp 0000b000 08:05 3810816                    /usr/lib/x86_64-linux-gnu/libxcb.so.1.1.0
7f3e2d4ba000-7f3e2d4c3000 r--p 0001f000 08:05 3810816                    /usr/lib/x86_64-linux-gnu/libxcb.so.1.1.0
7f3e2d4c3000-7f3e2d4c4000 r--p 00027000 08:05 3810816                    /usr/lib/x86_64-linux-gnu/libxcb.so.1.1.0
7f3e2d4c4000-7f3e2d4c5000 rw-p 00028000 08:05 3810816                    /usr/lib/x86_64-linux-gnu/libxcb.so.1.1.0
7f3e2d4c5000-7f3e2d4c7000 r--p 00000000 08:05 3809401                    /usr/lib/x86_64-linux-gnu/libXi.so.6.1.0
7f3e2d4c7000-7f3e2d4d2000 r-xp 00002000 08:05 3809401                    /usr/lib/x86_64-linux-gnu/libXi.so.6.1.0
7f3e2d4d2000-7f3e2d4d5000 r--p 0000d000 08:05 3809401                    /usr/lib/x86_64-linux-gnu/libXi.so.6.1.0
7f3e2d4d5000-7f3e2d4d6000 r--p 0000f000 08:05 3809401                    /usr/lib/x86_64-linux-gnu/libXi.so.6.1.0
7f3e2d4d6000-7f3e2d4d7000 rw-p 00010000 08:05 3809401                    /usr/lib/x86_64-linux-gnu/libXi.so.6.1.0
7f3e2d4d7000-7f3e2d4dc000 r-xp 00000000 08:05 3809419                    /usr/lib/x86_64-linux-gnu/libXtst.so.6.1.0
7f3e2d4dc000-7f3e2d6db000 ---p 00005000 08:05 3809419                    /usr/lib/x86_64-linux-gnu/libXtst.so.6.1.0
7f3e2d6db000-7f3e2d6dc000 r--p 00004000 08:05 3809419                    /usr/lib/x86_64-linux-gnu/libXtst.so.6.1.0
7f3e2d6dc000-7f3e2d6dd000 rw-p 00005000 08:05 3809419                    /usr/lib/x86_64-linux-gnu/libXtst.so.6.1.0
7f3e2d6dd000-7f3e2d6e6000 r-xp 00000000 08:05 3809413                    /usr/lib/x86_64-linux-gnu/libXrender.so.1.3.0
7f3e2d6e6000-7f3e2d8e5000 ---p 00009000 08:05 3809413                    /usr/lib/x86_64-linux-gnu/libXrender.so.1.3.0
7f3e2d8e5000-7f3e2d8e6000 r--p 00008000 08:05 3809413                    /usr/lib/x86_64-linux-gnu/libXrender.so.1.3.0
7f3e2d8e6000-7f3e2d8e7000 rw-p 00009000 08:05 3809413                    /usr/lib/x86_64-linux-gnu/libXrender.so.1.3.0
7f3e2d8e7000-7f3e2d8ff000 r--p 00000000 08:05 3811352                    /usr/lib/x86_64-linux-gnu/libX11.so.6.3.0
7f3e2d8ff000-7f3e2d98a000 r-xp 00018000 08:05 3811352                    /usr/lib/x86_64-linux-gnu/libX11.so.6.3.0
7f3e2d98a000-7f3e2da1e000 r--p 000a3000 08:05 3811352                    /usr/lib/x86_64-linux-gnu/libX11.so.6.3.0
7f3e2da1e000-7f3e2da1f000 ---p 00137000 08:05 3811352                    /usr/lib/x86_64-linux-gnu/libX11.so.6.3.0
7f3e2da1f000-7f3e2da20000 r--p 00137000 08:05 3811352                    /usr/lib/x86_64-linux-gnu/libX11.so.6.3.0
7f3e2da20000-7f3e2da24000 rw-p 00138000 08:05 3811352                    /usr/lib/x86_64-linux-gnu/libX11.so.6.3.0
7f3e2da48000-7f3e2da58000 r--p 00000000 08:05 3805477                    /usr/lib/jvm/java-11-openjdk-amd64/lib/libawt_xawt.so
7f3e2da58000-7f3e2da97000 r-xp 00010000 08:05 3805477                    /usr/lib/jvm/java-11-openjdk-amd64/lib/libawt_xawt.so
7f3e2da97000-7f3e2daa9000 r--p 0004f000 08:05 3805477                    /usr/lib/jvm/java-11-openjdk-amd64/lib/libawt_xawt.so
7f3e2daa9000-7f3e2daaa000 r--p 00060000 08:05 3805477                    /usr/lib/jvm/java-11-openjdk-amd64/lib/libawt_xawt.so
7f3e2daaa000-7f3e2daac000 rw-p 00061000 08:05 3805477                    /usr/lib/jvm/java-11-openjdk-amd64/lib/libawt_xawt.so
7f3e2daac000-7f3e2daae000 rw-p 00000000 00:00 0 
7f3e2dbae000-7f3e2ddae000 rw-p 00000000 00:00 0 
7f3e2ddae000-7f3e2dfae000 rw-p 00000000 00:00 0 
7f3e2dfae000-7f3e2dfda000 r--p 00000000 08:05 3805475                    /usr/lib/jvm/java-11-openjdk-amd64/lib/libawt.so
7f3e2dfda000-7f3e2e043000 r-xp 0002c000 08:05 3805475                    /usr/lib/jvm/java-11-openjdk-amd64/lib/libawt.so
7f3e2e043000-7f3e2e04f000 r--p 00095000 08:05 3805475                    /usr/lib/jvm/java-11-openjdk-amd64/lib/libawt.so
7f3e2e04f000-7f3e2e050000 ---p 000a1000 08:05 3805475                    /usr/lib/jvm/java-11-openjdk-amd64/lib/libawt.so
7f3e2e050000-7f3e2e051000 r--p 000a1000 08:05 3805475                    /usr/lib/jvm/java-11-openjdk-amd64/lib/libawt.so
7f3e2e051000-7f3e2e05c000 rw-p 000a2000 08:05 3805475                    /usr/lib/jvm/java-11-openjdk-amd64/lib/libawt.so
7f3e2e05c000-7f3e2e281000 rw-p 00000000 00:00 0 
7f3e2e281000-7f3e2e481000 rw-p 00000000 00:00 0 
7f3e2e481000-7f3e2e485000 ---p 00000000 00:00 0 
7f3e2e485000-7f3e2e582000 rw-p 00000000 00:00 0 
7f3e2e582000-7f3e2e586000 ---p 00000000 00:00 0 
7f3e2e586000-7f3e2e683000 rw-p 00000000 00:00 0 
7f3e2e683000-7f3e2e687000 ---p 00000000 00:00 0 
7f3e2e687000-7f3e2e984000 rw-p 00000000 00:00 0 
7f3e2e984000-7f3e2e988000 ---p 00000000 00:00 0 
7f3e2e988000-7f3e2ea85000 rw-p 00000000 00:00 0 
7f3e2ea85000-7f3e2ea89000 ---p 00000000 00:00 0 
7f3e2ea89000-7f3e2eb86000 rw-p 00000000 00:00 0 
7f3e2eb86000-7f3e2eb8a000 ---p 00000000 00:00 0 
7f3e2eb8a000-7f3e2ec87000 rw-p 00000000 00:00 0 
7f3e2ec87000-7f3e2ec88000 ---p 00000000 00:00 0 
7f3e2ec88000-7f3e2ed89000 rw-p 00000000 00:00 0 
7f3e2ed89000-7f3e2ed8a000 ---p 00000000 00:00 0 
7f3e2ed8a000-7f3e2ee8b000 rw-p 00000000 00:00 0 
7f3e2ee8b000-7f3e2ee8f000 ---p 00000000 00:00 0 
7f3e2ee8f000-7f3e2ef8c000 rw-p 00000000 00:00 0 
7f3e2ef8c000-7f3e2ef8d000 ---p 00000000 00:00 0 
7f3e2ef8d000-7f3e2f08e000 rw-p 00000000 00:00 0 
7f3e2f08e000-7f3e2f092000 ---p 00000000 00:00 0 
7f3e2f092000-7f3e2f18f000 rw-p 00000000 00:00 0 
7f3e2f18f000-7f3e2f193000 ---p 00000000 00:00 0 
7f3e2f193000-7f3e2f290000 rw-p 00000000 00:00 0 
7f3e2f290000-7f3e2f800000 r--p 00000000 08:05 3823873                    /usr/lib/locale/locale-archive
7f3e2f800000-7f3e30000000 rw-p 00000000 00:00 0 
7f3e30000000-7f3e3005a000 rw-p 00000000 00:00 0 
7f3e3005a000-7f3e34000000 ---p 00000000 00:00 0 
7f3e34000000-7f3e34021000 rw-p 00000000 00:00 0 
7f3e34021000-7f3e38000000 ---p 00000000 00:00 0 
7f3e38000000-7f3e38045000 rw-p 00000000 00:00 0 
7f3e38045000-7f3e3c000000 ---p 00000000 00:00 0 
7f3e3c000000-7f3e3c1dd000 rw-p 00000000 00:00 0 
7f3e3c1dd000-7f3e40000000 ---p 00000000 00:00 0 
7f3e40000000-7f3e40089000 rw-p 00000000 00:00 0 
7f3e40089000-7f3e44000000 ---p 00000000 00:00 0 
7f3e44001000-7f3e44003000 r--p 00000000 08:05 3809391                    /usr/lib/x86_64-linux-gnu/libXdmcp.so.6.0.0
7f3e44003000-7f3e44005000 r-xp 00002000 08:05 3809391                    /usr/lib/x86_64-linux-gnu/libXdmcp.so.6.0.0
7f3e44005000-7f3e44007000 r--p 00004000 08:05 3809391                    /usr/lib/x86_64-linux-gnu/libXdmcp.so.6.0.0
7f3e44007000-7f3e44008000 r--p 00005000 08:05 3809391                    /usr/lib/x86_64-linux-gnu/libXdmcp.so.6.0.0
7f3e44008000-7f3e44009000 rw-p 00006000 08:05 3809391                    /usr/lib/x86_64-linux-gnu/libXdmcp.so.6.0.0
7f3e44009000-7f3e4400d000 r--p 00000000 08:05 3809393                    /usr/lib/x86_64-linux-gnu/libXext.so.6.4.0
7f3e4400d000-7f3e44018000 r-xp 00004000 08:05 3809393                    /usr/lib/x86_64-linux-gnu/libXext.so.6.4.0
7f3e44018000-7f3e4401c000 r--p 0000f000 08:05 3809393                    /usr/lib/x86_64-linux-gnu/libXext.so.6.4.0
7f3e4401c000-7f3e4401d000 r--p 00012000 08:05 3809393                    /usr/lib/x86_64-linux-gnu/libXext.so.6.4.0
7f3e4401d000-7f3e4401e000 rw-p 00013000 08:05 3809393                    /usr/lib/x86_64-linux-gnu/libXext.so.6.4.0
7f3e4401e000-7f3e44020000 r--p 00000000 08:05 3805977                    /usr/lib/jvm/java-11-openjdk-amd64/lib/libmanagement_ext.so
7f3e44020000-7f3e44023000 r-xp 00002000 08:05 3805977                    /usr/lib/jvm/java-11-openjdk-amd64/lib/libmanagement_ext.so
7f3e44023000-7f3e44024000 r--p 00005000 08:05 3805977                    /usr/lib/jvm/java-11-openjdk-amd64/lib/libmanagement_ext.so
7f3e44024000-7f3e44025000 ---p 00006000 08:05 3805977                    /usr/lib/jvm/java-11-openjdk-amd64/lib/libmanagement_ext.so
7f3e44025000-7f3e44026000 r--p 00006000 08:05 3805977                    /usr/lib/jvm/java-11-openjdk-amd64/lib/libmanagement_ext.so
7f3e44026000-7f3e44027000 rw-p 00007000 08:05 3805977                    /usr/lib/jvm/java-11-openjdk-amd64/lib/libmanagement_ext.so
7f3e44027000-7f3e4402a000 r--p 00000000 08:05 3805975                    /usr/lib/jvm/java-11-openjdk-amd64/lib/libmanagement.so
7f3e4402a000-7f3e4402b000 r-xp 00003000 08:05 3805975                    /usr/lib/jvm/java-11-openjdk-amd64/lib/libmanagement.so
7f3e4402b000-7f3e4402c000 r--p 00004000 08:05 3805975                    /usr/lib/jvm/java-11-openjdk-amd64/lib/libmanagement.so
7f3e4402c000-7f3e4402d000 r--p 00004000 08:05 3805975                    /usr/lib/jvm/java-11-openjdk-amd64/lib/libmanagement.so
7f3e4402d000-7f3e4402e000 rw-p 00005000 08:05 3805975                    /usr/lib/jvm/java-11-openjdk-amd64/lib/libmanagement.so
7f3e4402e000-7f3e4405f000 rw-p 00000000 00:00 0 
7f3e4405f000-7f3e44063000 r--p 00000000 08:05 3805979                    /usr/lib/jvm/java-11-openjdk-amd64/lib/libnet.so
7f3e44063000-7f3e44072000 r-xp 00004000 08:05 3805979                    /usr/lib/jvm/java-11-openjdk-amd64/lib/libnet.so
7f3e44072000-7f3e44076000 r--p 00013000 08:05 3805979                    /usr/lib/jvm/java-11-openjdk-amd64/lib/libnet.so
7f3e44076000-7f3e44077000 r--p 00016000 08:05 3805979                    /usr/lib/jvm/java-11-openjdk-amd64/lib/libnet.so
7f3e44077000-7f3e44078000 rw-p 00017000 08:05 3805979                    /usr/lib/jvm/java-11-openjdk-amd64/lib/libnet.so
7f3e44078000-7f3e4407f000 r--p 00000000 08:05 3805980                    /usr/lib/jvm/java-11-openjdk-amd64/lib/libnio.so
7f3e4407f000-7f3e44087000 r-xp 00007000 08:05 3805980                    /usr/lib/jvm/java-11-openjdk-amd64/lib/libnio.so
7f3e44087000-7f3e4408a000 r--p 0000f000 08:05 3805980                    /usr/lib/jvm/java-11-openjdk-amd64/lib/libnio.so
7f3e4408a000-7f3e4408b000 r--p 00011000 08:05 3805980                    /usr/lib/jvm/java-11-openjdk-amd64/lib/libnio.so
7f3e4408b000-7f3e4408c000 rw-p 00012000 08:05 3805980                    /usr/lib/jvm/java-11-openjdk-amd64/lib/libnio.so
7f3e4408c000-7f3e44090000 ---p 00000000 00:00 0 
7f3e44090000-7f3e4418d000 rw-p 00000000 00:00 0 
7f3e4418d000-7f3e44191000 ---p 00000000 00:00 0 
7f3e44191000-7f3e4428e000 rw-p 00000000 00:00 0 
7f3e4428e000-7f3e44292000 ---p 00000000 00:00 0 
7f3e44292000-7f3e4438f000 rw-p 00000000 00:00 0 
7f3e4438f000-7f3e44393000 ---p 00000000 00:00 0 
7f3e44393000-7f3e44490000 rw-p 00000000 00:00 0 
7f3e44490000-7f3e44494000 ---p 00000000 00:00 0 
7f3e44494000-7f3e44591000 rw-p 00000000 00:00 0 
7f3e44591000-7f3e44592000 ---p 00000000 00:00 0 
7f3e44592000-7f3e44797000 rw-p 00000000 00:00 0 
7f3e44797000-7f3e44798000 ---p 00000000 00:00 0 
7f3e44798000-7f3e44899000 rw-p 00000000 00:00 0 
7f3e44899000-7f3e44b09000 rwxp 00000000 00:00 0 
7f3e44b09000-7f3e44e28000 ---p 00000000 00:00 0 
7f3e44e28000-7f3e45d28000 rwxp 00000000 00:00 0 
7f3e45d28000-7f3e4c360000 ---p 00000000 00:00 0 
7f3e4c360000-7f3e4c7a0000 rwxp 00000000 00:00 0 
7f3e4c7a0000-7f3e53899000 ---p 00000000 00:00 0 
7f3e53899000-7f3e5c000000 r--s 00000000 08:05 3805989                    /usr/lib/jvm/java-11-openjdk-amd64/lib/modules
7f3e5c000000-7f3e5d5de000 rw-p 00000000 00:00 0 
7f3e5d5de000-7f3e60000000 ---p 00000000 00:00 0 
7f3e60000000-7f3e60001000 r--p 00000000 08:05 3809380                    /usr/lib/x86_64-linux-gnu/libXau.so.6.0.0
7f3e60001000-7f3e60003000 r-xp 00001000 08:05 3809380                    /usr/lib/x86_64-linux-gnu/libXau.so.6.0.0
7f3e60003000-7f3e60004000 r--p 00003000 08:05 3809380                    /usr/lib/x86_64-linux-gnu/libXau.so.6.0.0
7f3e60004000-7f3e60005000 r--p 00003000 08:05 3809380                    /usr/lib/x86_64-linux-gnu/libXau.so.6.0.0
7f3e60005000-7f3e60006000 rw-p 00004000 08:05 3809380                    /usr/lib/x86_64-linux-gnu/libXau.so.6.0.0
7f3e60006000-7f3e60048000 rw-p 00000000 00:00 0 
7f3e60048000-7f3e60049000 ---p 00000000 00:00 0 
7f3e60049000-7f3e6234c000 rw-p 00000000 00:00 0 
7f3e6234c000-7f3e6234d000 ---p 00000000 00:00 0 
7f3e6234d000-7f3e6244e000 rw-p 00000000 00:00 0 
7f3e6244e000-7f3e6244f000 ---p 00000000 00:00 0 
7f3e6244f000-7f3e6271c000 rw-p 00000000 00:00 0 
7f3e6271c000-7f3e62748000 ---p 00000000 00:00 0 
7f3e62748000-7f3e6291c000 rw-p 00000000 00:00 0 
7f3e6291c000-7f3e62948000 ---p 00000000 00:00 0 
7f3e62948000-7f3e6298a000 rw-p 00000000 00:00 0 
7f3e6298a000-7f3e6298f000 ---p 00000000 00:00 0 
7f3e6298f000-7f3e629ca000 rw-p 00000000 00:00 0 
7f3e629ca000-7f3e629cf000 ---p 00000000 00:00 0 
7f3e629cf000-7f3e62a0a000 rw-p 00000000 00:00 0 
7f3e62a0a000-7f3e62a0f000 ---p 00000000 00:00 0 
7f3e62a0f000-7f3e62c12000 rw-p 00000000 00:00 0 
7f3e62c12000-7f3e62c13000 ---p 00000000 00:00 0 
7f3e62c13000-7f3e62d1d000 rw-p 00000000 00:00 0 
7f3e62d1d000-7f3e62dff000 ---p 00000000 00:00 0 
7f3e62dff000-7f3e62e1d000 rw-p 00000000 00:00 0 
7f3e62e1d000-7f3e62eea000 ---p 00000000 00:00 0 
7f3e62eea000-7f3e62eed000 r--p 00000000 08:05 3427969                    /lib/x86_64-linux-gnu/libnss_files-2.31.so
7f3e62eed000-7f3e62ef4000 r-xp 00003000 08:05 3427969                    /lib/x86_64-linux-gnu/libnss_files-2.31.so
7f3e62ef4000-7f3e62ef6000 r--p 0000a000 08:05 3427969                    /lib/x86_64-linux-gnu/libnss_files-2.31.so
7f3e62ef6000-7f3e62ef7000 r--p 0000b000 08:05 3427969                    /lib/x86_64-linux-gnu/libnss_files-2.31.so
7f3e62ef7000-7f3e62ef8000 rw-p 0000c000 08:05 3427969                    /lib/x86_64-linux-gnu/libnss_files-2.31.so
7f3e62ef8000-7f3e62efe000 rw-p 00000000 00:00 0 
7f3e62eff000-7f3e62f00000 r--p 00000000 08:05 3805479                    /usr/lib/jvm/java-11-openjdk-amd64/lib/libextnet.so
7f3e62f00000-7f3e62f01000 r-xp 00001000 08:05 3805479                    /usr/lib/jvm/java-11-openjdk-amd64/lib/libextnet.so
7f3e62f01000-7f3e62f02000 r--p 00002000 08:05 3805479                    /usr/lib/jvm/java-11-openjdk-amd64/lib/libextnet.so
7f3e62f02000-7f3e62f03000 r--p 00002000 08:05 3805479                    /usr/lib/jvm/java-11-openjdk-amd64/lib/libextnet.so
7f3e62f03000-7f3e62f04000 rw-p 00003000 08:05 3805479                    /usr/lib/jvm/java-11-openjdk-amd64/lib/libextnet.so
7f3e62f04000-7f3e62f09000 rw-p 00000000 00:00 0 
7f3e62f09000-7f3e62f10000 ---p 00000000 00:00 0 
7f3e62f10000-7f3e62f12000 r--p 00000000 08:05 3805988                    /usr/lib/jvm/java-11-openjdk-amd64/lib/libzip.so
7f3e62f12000-7f3e62f16000 r-xp 00002000 08:05 3805988                    /usr/lib/jvm/java-11-openjdk-amd64/lib/libzip.so
7f3e62f16000-7f3e62f18000 r--p 00006000 08:05 3805988                    /usr/lib/jvm/java-11-openjdk-amd64/lib/libzip.so
7f3e62f18000-7f3e62f19000 r--p 00007000 08:05 3805988                    /usr/lib/jvm/java-11-openjdk-amd64/lib/libzip.so
7f3e62f19000-7f3e62f1a000 rw-p 00008000 08:05 3805988                    /usr/lib/jvm/java-11-openjdk-amd64/lib/libzip.so
7f3e62f1a000-7f3e62f22000 rw-s 00000000 08:05 3959793                    /tmp/hsperfdata_csimage/3697
7f3e62f22000-7f3e62f30000 r--p 00000000 08:05 3805963                    /usr/lib/jvm/java-11-openjdk-amd64/lib/libjava.so
7f3e62f30000-7f3e62f46000 r-xp 0000e000 08:05 3805963                    /usr/lib/jvm/java-11-openjdk-amd64/lib/libjava.so
7f3e62f46000-7f3e62f4d000 r--p 00024000 08:05 3805963                    /usr/lib/jvm/java-11-openjdk-amd64/lib/libjava.so
7f3e62f4d000-7f3e62f4e000 r--p 0002a000 08:05 3805963                    /usr/lib/jvm/java-11-openjdk-amd64/lib/libjava.so
7f3e62f4e000-7f3e62f4f000 rw-p 0002b000 08:05 3805963                    /usr/lib/jvm/java-11-openjdk-amd64/lib/libjava.so
7f3e62f4f000-7f3e62f50000 rw-p 00000000 00:00 0 
7f3e62f50000-7f3e62f53000 r--p 00000000 08:05 3427976                    /lib/x86_64-linux-gnu/librt-2.31.so
7f3e62f53000-7f3e62f57000 r-xp 00003000 08:05 3427976                    /lib/x86_64-linux-gnu/librt-2.31.so
7f3e62f57000-7f3e62f58000 r--p 00007000 08:05 3427976                    /lib/x86_64-linux-gnu/librt-2.31.so
7f3e62f58000-7f3e62f59000 ---p 00008000 08:05 3427976                    /lib/x86_64-linux-gnu/librt-2.31.so
7f3e62f59000-7f3e62f5a000 r--p 00008000 08:05 3427976                    /lib/x86_64-linux-gnu/librt-2.31.so
7f3e62f5a000-7f3e62f5b000 rw-p 00009000 08:05 3427976                    /lib/x86_64-linux-gnu/librt-2.31.so
7f3e62f5b000-7f3e62f5f000 ---p 00000000 00:00 0 
7f3e62f5f000-7f3e6305c000 rw-p 00000000 00:00 0 
7f3e6305c000-7f3e6305f000 r--p 00000000 08:05 3427903                    /lib/x86_64-linux-gnu/libgcc_s.so.1
7f3e6305f000-7f3e63071000 r-xp 00003000 08:05 3427903                    /lib/x86_64-linux-gnu/libgcc_s.so.1
7f3e63071000-7f3e63075000 r--p 00015000 08:05 3427903                    /lib/x86_64-linux-gnu/libgcc_s.so.1
7f3e63075000-7f3e63076000 r--p 00018000 08:05 3427903                    /lib/x86_64-linux-gnu/libgcc_s.so.1
7f3e63076000-7f3e63077000 rw-p 00019000 08:05 3427903                    /lib/x86_64-linux-gnu/libgcc_s.so.1
7f3e63077000-7f3e63086000 r--p 00000000 08:05 3427963                    /lib/x86_64-linux-gnu/libm-2.31.so
7f3e63086000-7f3e6312d000 r-xp 0000f000 08:05 3427963                    /lib/x86_64-linux-gnu/libm-2.31.so
7f3e6312d000-7f3e631c4000 r--p 000b6000 08:05 3427963                    /lib/x86_64-linux-gnu/libm-2.31.so
7f3e631c4000-7f3e631c5000 r--p 0014c000 08:05 3427963                    /lib/x86_64-linux-gnu/libm-2.31.so
7f3e631c5000-7f3e631c6000 rw-p 0014d000 08:05 3427963                    /lib/x86_64-linux-gnu/libm-2.31.so
7f3e631c6000-7f3e6325c000 r--p 00000000 08:05 3804825                    /usr/lib/x86_64-linux-gnu/libstdc++.so.6.0.28
7f3e6325c000-7f3e6334c000 r-xp 00096000 08:05 3804825                    /usr/lib/x86_64-linux-gnu/libstdc++.so.6.0.28
7f3e6334c000-7f3e63395000 r--p 00186000 08:05 3804825                    /usr/lib/x86_64-linux-gnu/libstdc++.so.6.0.28
7f3e63395000-7f3e63396000 ---p 001cf000 08:05 3804825                    /usr/lib/x86_64-linux-gnu/libstdc++.so.6.0.28
7f3e63396000-7f3e633a1000 r--p 001cf000 08:05 3804825                    /usr/lib/x86_64-linux-gnu/libstdc++.so.6.0.28
7f3e633a1000-7f3e633a4000 rw-p 001da000 08:05 3804825                    /usr/lib/x86_64-linux-gnu/libstdc++.so.6.0.28
7f3e633a4000-7f3e633a7000 rw-p 00000000 00:00 0 
7f3e633a7000-7f3e63620000 r--p 00000000 08:05 3805992                    /usr/lib/jvm/java-11-openjdk-amd64/lib/server/libjvm.so
7f3e63620000-7f3e6429d000 r-xp 00279000 08:05 3805992                    /usr/lib/jvm/java-11-openjdk-amd64/lib/server/libjvm.so
7f3e6429d000-7f3e644f3000 r--p 00ef6000 08:05 3805992                    /usr/lib/jvm/java-11-openjdk-amd64/lib/server/libjvm.so
7f3e644f3000-7f3e645b4000 r--p 0114b000 08:05 3805992                    /usr/lib/jvm/java-11-openjdk-amd64/lib/server/libjvm.so
7f3e645b4000-7f3e645ef000 rw-p 0120c000 08:05 3805992                    /usr/lib/jvm/java-11-openjdk-amd64/lib/server/libjvm.so
7f3e645ef000-7f3e64648000 rw-p 00000000 00:00 0 
7f3e64648000-7f3e6464f000 r--p 00000000 08:05 3427974                    /lib/x86_64-linux-gnu/libpthread-2.31.so
7f3e6464f000-7f3e64660000 r-xp 00007000 08:05 3427974                    /lib/x86_64-linux-gnu/libpthread-2.31.so
7f3e64660000-7f3e64665000 r--p 00018000 08:05 3427974                    /lib/x86_64-linux-gnu/libpthread-2.31.so
7f3e64665000-7f3e64666000 r--p 0001c000 08:05 3427974                    /lib/x86_64-linux-gnu/libpthread-2.31.so
7f3e64666000-7f3e64667000 rw-p 0001d000 08:05 3427974                    /lib/x86_64-linux-gnu/libpthread-2.31.so
7f3e64667000-7f3e6466b000 rw-p 00000000 00:00 0 
7f3e6466b000-7f3e6466c000 r--p 00000000 08:05 3427962                    /lib/x86_64-linux-gnu/libdl-2.31.so
7f3e6466c000-7f3e6466e000 r-xp 00001000 08:05 3427962                    /lib/x86_64-linux-gnu/libdl-2.31.so
7f3e6466e000-7f3e6466f000 r--p 00003000 08:05 3427962                    /lib/x86_64-linux-gnu/libdl-2.31.so
7f3e6466f000-7f3e64670000 r--p 00003000 08:05 3427962                    /lib/x86_64-linux-gnu/libdl-2.31.so
7f3e64670000-7f3e64671000 rw-p 00004000 08:05 3427962                    /lib/x86_64-linux-gnu/libdl-2.31.so
7f3e64671000-7f3e64673000 r--p 00000000 08:05 3413567                    /lib/x86_64-linux-gnu/libz.so.1.2.11
7f3e64673000-7f3e64684000 r-xp 00002000 08:05 3413567                    /lib/x86_64-linux-gnu/libz.so.1.2.11
7f3e64684000-7f3e6468a000 r--p 00013000 08:05 3413567                    /lib/x86_64-linux-gnu/libz.so.1.2.11
7f3e6468a000-7f3e6468b000 ---p 00019000 08:05 3413567                    /lib/x86_64-linux-gnu/libz.so.1.2.11
7f3e6468b000-7f3e6468c000 r--p 00019000 08:05 3413567                    /lib/x86_64-linux-gnu/libz.so.1.2.11
7f3e6468c000-7f3e6468d000 rw-p 0001a000 08:05 3413567                    /lib/x86_64-linux-gnu/libz.so.1.2.11
7f3e6468d000-7f3e646b2000 r--p 00000000 08:05 3427961                    /lib/x86_64-linux-gnu/libc-2.31.so
7f3e646b2000-7f3e6482a000 r-xp 00025000 08:05 3427961                    /lib/x86_64-linux-gnu/libc-2.31.so
7f3e6482a000-7f3e64874000 r--p 0019d000 08:05 3427961                    /lib/x86_64-linux-gnu/libc-2.31.so
7f3e64874000-7f3e64875000 ---p 001e7000 08:05 3427961                    /lib/x86_64-linux-gnu/libc-2.31.so
7f3e64875000-7f3e64878000 r--p 001e7000 08:05 3427961                    /lib/x86_64-linux-gnu/libc-2.31.so
7f3e64878000-7f3e6487b000 rw-p 001ea000 08:05 3427961                    /lib/x86_64-linux-gnu/libc-2.31.so
7f3e6487b000-7f3e64884000 rw-p 00000000 00:00 0 
7f3e64884000-7f3e64886000 r--s 0000c000 08:05 4076688                    /usr/share/java/java-atk-wrapper.jar
7f3e64886000-7f3e64887000 ---p 00000000 00:00 0 
7f3e64887000-7f3e64888000 r--p 00000000 00:00 0 
7f3e64888000-7f3e6488a000 r--p 00000000 08:05 3805971                    /usr/lib/jvm/java-11-openjdk-amd64/lib/libjimage.so
7f3e6488a000-7f3e6488d000 r-xp 00002000 08:05 3805971                    /usr/lib/jvm/java-11-openjdk-amd64/lib/libjimage.so
7f3e6488d000-7f3e6488e000 r--p 00005000 08:05 3805971                    /usr/lib/jvm/java-11-openjdk-amd64/lib/libjimage.so
7f3e6488e000-7f3e6488f000 ---p 00006000 08:05 3805971                    /usr/lib/jvm/java-11-openjdk-amd64/lib/libjimage.so
7f3e6488f000-7f3e64890000 r--p 00006000 08:05 3805971                    /usr/lib/jvm/java-11-openjdk-amd64/lib/libjimage.so
7f3e64890000-7f3e64891000 rw-p 00007000 08:05 3805971                    /usr/lib/jvm/java-11-openjdk-amd64/lib/libjimage.so
7f3e64891000-7f3e64896000 r--p 00000000 08:05 3805987                    /usr/lib/jvm/java-11-openjdk-amd64/lib/libverify.so
7f3e64896000-7f3e6489d000 r-xp 00005000 08:05 3805987                    /usr/lib/jvm/java-11-openjdk-amd64/lib/libverify.so
7f3e6489d000-7f3e6489f000 r--p 0000c000 08:05 3805987                    /usr/lib/jvm/java-11-openjdk-amd64/lib/libverify.so
7f3e6489f000-7f3e648a0000 ---p 0000e000 08:05 3805987                    /usr/lib/jvm/java-11-openjdk-amd64/lib/libverify.so
7f3e648a0000-7f3e648a2000 r--p 0000e000 08:05 3805987                    /usr/lib/jvm/java-11-openjdk-amd64/lib/libverify.so
7f3e648a2000-7f3e648a3000 rw-p 00010000 08:05 3805987                    /usr/lib/jvm/java-11-openjdk-amd64/lib/libverify.so
7f3e648a3000-7f3e648a6000 r--p 00000000 08:05 3805470                    /usr/lib/jvm/java-11-openjdk-amd64/lib/jli/libjli.so
7f3e648a6000-7f3e648b0000 r-xp 00003000 08:05 3805470                    /usr/lib/jvm/java-11-openjdk-amd64/lib/jli/libjli.so
7f3e648b0000-7f3e648b3000 r--p 0000d000 08:05 3805470                    /usr/lib/jvm/java-11-openjdk-amd64/lib/jli/libjli.so
7f3e648b3000-7f3e648b4000 ---p 00010000 08:05 3805470                    /usr/lib/jvm/java-11-openjdk-amd64/lib/jli/libjli.so
7f3e648b4000-7f3e648b5000 r--p 00010000 08:05 3805470                    /usr/lib/jvm/java-11-openjdk-amd64/lib/jli/libjli.so
7f3e648b5000-7f3e648b6000 rw-p 00011000 08:05 3805470                    /usr/lib/jvm/java-11-openjdk-amd64/lib/jli/libjli.so
7f3e648b6000-7f3e648b8000 rw-p 00000000 00:00 0 
7f3e648b8000-7f3e648b9000 r--p 00000000 08:05 3427957                    /lib/x86_64-linux-gnu/ld-2.31.so
7f3e648b9000-7f3e648dc000 r-xp 00001000 08:05 3427957                    /lib/x86_64-linux-gnu/ld-2.31.so
7f3e648dc000-7f3e648e4000 r--p 00024000 08:05 3427957                    /lib/x86_64-linux-gnu/ld-2.31.so
7f3e648e4000-7f3e648e5000 r--p 00000000 08:05 412678                     /usr/share/locale-langpack/en_GB/LC_MESSAGES/libc.mo
7f3e648e5000-7f3e648e6000 r--p 0002c000 08:05 3427957                    /lib/x86_64-linux-gnu/ld-2.31.so
7f3e648e6000-7f3e648e7000 rw-p 0002d000 08:05 3427957                    /lib/x86_64-linux-gnu/ld-2.31.so
7f3e648e7000-7f3e648e8000 rw-p 00000000 00:00 0 
7ffc4891a000-7ffc4893c000 rw-p 00000000 00:00 0                          [stack]
7ffc48988000-7ffc4898b000 r--p 00000000 00:00 0                          [vvar]
7ffc4898b000-7ffc4898c000 r-xp 00000000 00:00 0                          [vdso]
ffffffffff600000-ffffffffff601000 --xp 00000000 00:00 0                  [vsyscall]


VM Arguments:
jvm_args: -Xmx128M -Dfile.encoding=UTF-8 
java_command: games.stendhal.server.StendhalServer
java_class_path (initial): /home/csimage/git/stendhal_S1Team45/bin:/home/csimage/git/stendhal_S1Team45/libs/ant.jar:/home/csimage/git/stendhal_S1Team45/libs/cglib-nodep-2.2_beta1.jar:/home/csimage/git/stendhal_S1Team45/libs/easymock.jar:/home/csimage/git/stendhal_S1Team45/libs/easymockclassextension.jar:/home/csimage/git/stendhal_S1Team45/libs/groovy.jar:/home/csimage/git/stendhal_S1Team45/libs/guava.jar:/home/csimage/git/stendhal_S1Team45/libs/h2.jar:/home/csimage/git/stendhal_S1Team45/libs/jardiff.jar:/home/csimage/git/stendhal_S1Team45/libs/jcurses.jar:/home/csimage/git/stendhal_S1Team45/libs/jorbis.jar:/home/csimage/git/stendhal_S1Team45/libs/libtiled.jar:/home/csimage/git/stendhal_S1Team45/libs/log4j.jar:/home/csimage/git/stendhal_S1Team45/libs/mysql-connector-java-8.0.13.jar:/home/csimage/git/stendhal_S1Team45/libs/simple.jar:/home/csimage/git/stendhal_S1Team45/libs/swing-layout.jar:/home/csimage/git/stendhal_S1Team45/libs/json-simple-1.1.1.jar:/home/csimage/git/stendhal_S1Team45/libs/servlet-api-3.1.jar:/home/csimage/git/stendhal_S1Team45/libs/websocket-api-9.2.5.v20141112.jar:/home/csimage/git/stendhal_S1Team45/libs/websocket-client-9.2.5.v20141112.jar:/home/csimage/git/stendhal_S1Team45/libs/websocket-common-9.2.5.v20141112.jar:/home/csimage/git/stendhal_S1Team45/libs/websocket-server-9.2.5.v20141112.jar:/home/csimage/git/stendhal_S1Team45/libs/websocket-servlet-9.2.5.v20141112.jar:/home/csimage/git/stendhal_S1Team45/libs/junit-4.12.jar:/home/csimage/git/stendhal_S1Team45/libs/java-hamcrest-2.0.0.0.jar:/home/csimage/git/stendhal_S1Team45/libs/marauroa.jar:/home/csimage/git/stendhal_S1Team45/libs/jetty-client-9.2.14.v20151106.jar:/home/csimage/git/stendhal_S1Team45/libs/jetty-continuation-9.2.14.v20151106.jar:/home/csimage/git/stendhal_S1Team45/libs/jetty-http-9.2.14.v20151106.jar:/home/csimage/git/stendhal_S1Team45/libs/jetty-io-9.2.14.v20151106.jar:/home/csimage/git/stendhal_S1Team45/libs/jetty-security-9.2.14.v20151106.jar:/home/csimage/git/stendhal_S1T
Launcher Type: SUN_STANDARD

[Global flags]
     intx CICompilerCount                          = 2                                         {product} {ergonomic}
     uint ConcGCThreads                            = 1                                         {product} {ergonomic}
     uint G1ConcRefinementThreads                  = 2                                         {product} {ergonomic}
   size_t G1HeapRegionSize                         = 1048576                                   {product} {ergonomic}
    uintx GCDrainStackTargetSize                   = 64                                        {product} {ergonomic}
   size_t InitialHeapSize                          = 65011712                                  {product} {ergonomic}
   size_t MarkStackSize                            = 4194304                                   {product} {ergonomic}
   size_t MaxHeapSize                              = 134217728                                 {product} {command line}
   size_t MaxNewSize                               = 79691776                                  {product} {ergonomic}
   size_t MinHeapDeltaBytes                        = 1048576                                   {product} {ergonomic}
    uintx NonNMethodCodeHeapSize                   = 5825164                                {pd product} {ergonomic}
    uintx NonProfiledCodeHeapSize                  = 122916538                              {pd product} {ergonomic}
    uintx ProfiledCodeHeapSize                     = 122916538                              {pd product} {ergonomic}
    uintx ReservedCodeCacheSize                    = 251658240                              {pd product} {ergonomic}
     bool SegmentedCodeCache                       = true                                      {product} {ergonomic}
     bool UseCompressedClassPointers               = true                                 {lp64_product} {ergonomic}
     bool UseCompressedOops                        = true                                 {lp64_product} {ergonomic}
     bool UseG1GC                                  = true                                      {product} {ergonomic}

Logging:
Log output configuration:
 #0: stdout all=warning uptime,level,tags
 #1: stderr all=off uptime,level,tags

Environment Variables:
PATH=/home/csimage/.local/bin:/home/csimage/bin:/usr/local/sbin:/usr/local/bin:/usr/sbin:/usr/bin:/sbin:/bin:/usr/games:/usr/local/games:/snap/bin:/home/csimage/bin/
SHELL=/bin/bash
DISPLAY=:0
LANG=en_GB.UTF-8

Signal Handlers:
SIGSEGV: [libjvm.so+0xe824c0], sa_mask[0]=11111111011111111101111111111110, sa_flags=SA_RESTART|SA_SIGINFO
SIGBUS: [libjvm.so+0xe824c0], sa_mask[0]=11111111011111111101111111111110, sa_flags=SA_RESTART|SA_SIGINFO
SIGFPE: [libjvm.so+0xe824c0], sa_mask[0]=11111111011111111101111111111110, sa_flags=SA_RESTART|SA_SIGINFO
SIGPIPE: [libjvm.so+0xbc8ee0], sa_mask[0]=11111111011111111101111111111110, sa_flags=SA_RESTART|SA_SIGINFO
SIGXFSZ: [libjvm.so+0xbc8ee0], sa_mask[0]=11111111011111111101111111111110, sa_flags=SA_RESTART|SA_SIGINFO
SIGILL: [libjvm.so+0xe824c0], sa_mask[0]=11111111011111111101111111111110, sa_flags=SA_RESTART|SA_SIGINFO
SIGUSR2: [libjvm.so+0xbc8d80], sa_mask[0]=00100000000000000000000000000000, sa_flags=SA_RESTART|SA_SIGINFO
SIGHUP: [libjvm.so+0xbc9220], sa_mask[0]=11111111011111111101111111111110, sa_flags=SA_RESTART|SA_SIGINFO
SIGINT: [libjvm.so+0xbc9220], sa_mask[0]=11111111011111111101111111111110, sa_flags=SA_RESTART|SA_SIGINFO
SIGTERM: [libjvm.so+0xbc9220], sa_mask[0]=11111111011111111101111111111110, sa_flags=SA_RESTART|SA_SIGINFO
SIGQUIT: [libjvm.so+0xbc9220], sa_mask[0]=11111111011111111101111111111110, sa_flags=SA_RESTART|SA_SIGINFO


---------------  S Y S T E M  ---------------

OS:DISTRIB_ID=LinuxMint
DISTRIB_RELEASE=20
DISTRIB_CODENAME=ulyana
DISTRIB_DESCRIPTION="Linux Mint 20 Ulyana"
uname:Linux 5.4.0-53-generic #59-Ubuntu SMP Wed Oct 21 09:38:44 UTC 2020 x86_64
OS uptime: 0 days 0:52 hours
libc:glibc 2.31 NPTL 2.31 
rlimit (soft/hard): STACK 8192k/infinity , CORE 0k/infinity , NPROC 15369/15369 , NOFILE 1048576/1048576 , AS infinity/infinity , CPU infinity/infinity , DATA infinity/infinity , FSIZE infinity/infinity , MEMLOCK 65536k/65536k
load average:1.45 1.70 1.64

/proc/meminfo:
MemTotal:        4028612 kB
MemFree:          389888 kB
MemAvailable:    1152864 kB
Buffers:           88300 kB
Cached:           915808 kB
SwapCached:          676 kB
Active:          2731812 kB
Inactive:         671816 kB
Active(anon):    2148360 kB
Inactive(anon):   331244 kB
Active(file):     583452 kB
Inactive(file):   340572 kB
Unevictable:          96 kB
Mlocked:              96 kB
SwapTotal:       2097148 kB
SwapFree:        2093808 kB
Dirty:               108 kB
Writeback:             0 kB
AnonPages:       2399036 kB
Mapped:           485856 kB
Shmem:             80084 kB
KReclaimable:      84200 kB
Slab:             158816 kB
SReclaimable:      84200 kB
SUnreclaim:        74616 kB
KernelStack:       12112 kB
PageTables:        23028 kB
NFS_Unstable:          0 kB
Bounce:                0 kB
WritebackTmp:          0 kB
CommitLimit:     4111452 kB
Committed_AS:    6257732 kB
VmallocTotal:   34359738367 kB
VmallocUsed:       37276 kB
VmallocChunk:          0 kB
Percpu:             1256 kB
HardwareCorrupted:     0 kB
AnonHugePages:         0 kB
ShmemHugePages:        0 kB
ShmemPmdMapped:        0 kB
FileHugePages:         0 kB
FilePmdMapped:         0 kB
CmaTotal:              0 kB
CmaFree:               0 kB
HugePages_Total:       0
HugePages_Free:        0
HugePages_Rsvd:        0
HugePages_Surp:        0
Hugepagesize:       2048 kB
Hugetlb:               0 kB
DirectMap4k:      174016 kB
DirectMap2M:     4020224 kB

/sys/kernel/mm/transparent_hugepage/enabled:
always [madvise] never
/sys/kernel/mm/transparent_hugepage/defrag (defrag/compaction efforts parameter):
always defer defer+madvise [madvise] never

/proc/sys/kernel/threads-max (system-wide limit on the number of threads):
30738
/proc/sys/vm/max_map_count (maximum number of memory map areas a process may have):
65530
/proc/sys/kernel/pid_max (system-wide limit on number of process identifiers):
4194304

container (cgroup) information:
container_type: cgroupv1
cpu_cpuset_cpus: 0-1
cpu_memory_nodes: 0
active_processor_count: 2
cpu_quota: -1
cpu_period: 100000
cpu_shares: -1
memory_limit_in_bytes: -1
memory_and_swap_limit_in_bytes: -2
memory_soft_limit_in_bytes: -1
memory_usage_in_bytes: 3138318336
memory_max_usage_in_bytes: 3431567360

KVM virtualization detected
Steal ticks since vm start: 0
Steal ticks percentage since vm start:  0.000

CPU:total 2 (initial active 2) (2 cores per cpu, 1 threads per core) family 6 model 126 stepping 5, cmov, cx8, fxsr, mmx, sse, sse2, sse3, ssse3, sse4.1, sse4.2, tsc, tscinvbit
CPU Model and flags from /proc/cpuinfo:
model name	: Intel(R) Core(TM) i5-1035G1 CPU @ 1.00GHz
flags		: fpu vme de pse tsc msr pae mce cx8 apic sep mtrr pge mca cmov pat pse36 clflush mmx fxsr sse sse2 ht syscall nx rdtscp lm constant_tsc rep_good nopl xtopology nonstop_tsc cpuid tsc_known_freq pni ssse3 pcid sse4_1 sse4_2 x2apic hypervisor lahf_lm invpcid_single fsgsbase invpcid md_clear flush_l1d arch_capabilities
Online cpus:
0-1
Offline cpus:

BIOS frequency limitation:
<Not Available>
Frequency switch latency (ns):
<Not Available>
Available cpu frequencies:
<Not Available>
Current governor:
<Not Available>
Core performance/turbo boost:
<Not Available>

Memory: 4k page, physical 4028612k(389888k free), swap 2097148k(2093808k free)

vm_info: OpenJDK 64-Bit Server VM (11.0.9.1+1-Ubuntu-0ubuntu1.20.04) for linux-amd64 JRE (11.0.9.1+1-Ubuntu-0ubuntu1.20.04), built on Nov 10 2020 04:18:42 by "unknown" with gcc 9.3.0

END.
